CRITICAL - 2024-11-07 17:41:30 --> ErrorException: Undefined variable $ciudadanos
[Method: GET, Route: /]
in APPPATH\Views\welcome_message.php on line 10.
 1 APPPATH\Views\welcome_message.php(10): CodeIgniter\Debug\Exceptions->errorHandler(2, 'Undefined variable $ciudadanos', 'C:\\laragon\\www\\ht2-benjaminestrada-202208847\\app\\Views\\welcome_message.php', 10)
 2 SYSTEMPATH\View\View.php(234): include('C:\\laragon\\www\\ht2-benjaminestrada-202208847\\app\\Views\\welcome_message.php')
 3 SYSTEMPATH\View\View.php(237): CodeIgniter\View\View->CodeIgniter\View\{closure}()
 4 SYSTEMPATH\Common.php(1169): CodeIgniter\View\View->render('welcome_message', [], true)
 5 APPPATH\Controllers\Home.php(9): view('welcome_message')
 6 SYSTEMPATH\CodeIgniter.php(933): App\Controllers\Home->index()
 7 SYSTEMPATH\CodeIgniter.php(509): CodeIgniter\CodeIgniter->runController(Object(App\Controllers\Home))
 8 SYSTEMPATH\CodeIgniter.php(355): CodeIgniter\CodeIgniter->handleRequest(null, Object(Config\Cache), false)
 9 SYSTEMPATH\Boot.php(325): CodeIgniter\CodeIgniter->run()
10 SYSTEMPATH\Boot.php(67): CodeIgniter\Boot::runCodeIgniter(Object(CodeIgniter\CodeIgniter))
11 FCPATH\index.php(56): CodeIgniter\Boot::bootWeb(Object(Config\Paths))
CRITICAL - 2024-11-07 17:41:57 --> ErrorException: Undefined variable $ciudadanos
[Method: GET, Route: /]
in APPPATH\Views\welcome_message.php on line 10.
 1 APPPATH\Views\welcome_message.php(10): CodeIgniter\Debug\Exceptions->errorHandler(2, 'Undefined variable $ciudadanos', 'C:\\laragon\\www\\ht2-benjaminestrada-202208847\\app\\Views\\welcome_message.php', 10)
 2 SYSTEMPATH\View\View.php(234): include('C:\\laragon\\www\\ht2-benjaminestrada-202208847\\app\\Views\\welcome_message.php')
 3 SYSTEMPATH\View\View.php(237): CodeIgniter\View\View->CodeIgniter\View\{closure}()
 4 SYSTEMPATH\Common.php(1169): CodeIgniter\View\View->render('welcome_message', [], true)
 5 APPPATH\Controllers\Home.php(9): view('welcome_message')
 6 SYSTEMPATH\CodeIgniter.php(933): App\Controllers\Home->index()
 7 SYSTEMPATH\CodeIgniter.php(509): CodeIgniter\CodeIgniter->runController(Object(App\Controllers\Home))
 8 SYSTEMPATH\CodeIgniter.php(355): CodeIgniter\CodeIgniter->handleRequest(null, Object(Config\Cache), false)
 9 SYSTEMPATH\Boot.php(325): CodeIgniter\CodeIgniter->run()
10 SYSTEMPATH\Boot.php(67): CodeIgniter\Boot::runCodeIgniter(Object(CodeIgniter\CodeIgniter))
11 FCPATH\index.php(56): CodeIgniter\Boot::bootWeb(Object(Config\Paths))
CRITICAL - 2024-11-07 18:04:02 --> ErrorException: Undefined variable $ciudadanos
[Method: GET, Route: /]
in APPPATH\Views\welcome_message.php on line 10.
 1 APPPATH\Views\welcome_message.php(10): CodeIgniter\Debug\Exceptions->errorHandler(2, 'Undefined variable $ciudadanos', 'C:\\laragon\\www\\ht2-benjaminestrada-202208847\\app\\Views\\welcome_message.php', 10)
 2 SYSTEMPATH\View\View.php(234): include('C:\\laragon\\www\\ht2-benjaminestrada-202208847\\app\\Views\\welcome_message.php')
 3 SYSTEMPATH\View\View.php(237): CodeIgniter\View\View->CodeIgniter\View\{closure}()
 4 SYSTEMPATH\Common.php(1169): CodeIgniter\View\View->render('welcome_message', [], true)
 5 APPPATH\Controllers\Home.php(9): view('welcome_message')
 6 SYSTEMPATH\CodeIgniter.php(933): App\Controllers\Home->index()
 7 SYSTEMPATH\CodeIgniter.php(509): CodeIgniter\CodeIgniter->runController(Object(App\Controllers\Home))
 8 SYSTEMPATH\CodeIgniter.php(355): CodeIgniter\CodeIgniter->handleRequest(null, Object(Config\Cache), false)
 9 SYSTEMPATH\Boot.php(325): CodeIgniter\CodeIgniter->run()
10 SYSTEMPATH\Boot.php(67): CodeIgniter\Boot::runCodeIgniter(Object(CodeIgniter\CodeIgniter))
11 FCPATH\index.php(56): CodeIgniter\Boot::bootWeb(Object(Config\Paths))
CRITICAL - 2024-11-07 18:13:06 --> ErrorException: Undefined variable $ciudadanos
[Method: GET, Route: /]
in APPPATH\Views\welcome_message.php on line 10.
 1 APPPATH\Views\welcome_message.php(10): CodeIgniter\Debug\Exceptions->errorHandler(2, 'Undefined variable $ciudadanos', 'C:\\laragon\\www\\ht2-benjaminestrada-202208847\\app\\Views\\welcome_message.php', 10)
 2 SYSTEMPATH\View\View.php(234): include('C:\\laragon\\www\\ht2-benjaminestrada-202208847\\app\\Views\\welcome_message.php')
 3 SYSTEMPATH\View\View.php(237): CodeIgniter\View\View->CodeIgniter\View\{closure}()
 4 SYSTEMPATH\Common.php(1169): CodeIgniter\View\View->render('welcome_message', [], true)
 5 APPPATH\Controllers\Home.php(9): view('welcome_message')
 6 SYSTEMPATH\CodeIgniter.php(933): App\Controllers\Home->index()
 7 SYSTEMPATH\CodeIgniter.php(509): CodeIgniter\CodeIgniter->runController(Object(App\Controllers\Home))
 8 SYSTEMPATH\CodeIgniter.php(355): CodeIgniter\CodeIgniter->handleRequest(null, Object(Config\Cache), false)
 9 SYSTEMPATH\Boot.php(325): CodeIgniter\CodeIgniter->run()
10 SYSTEMPATH\Boot.php(67): CodeIgniter\Boot::runCodeIgniter(Object(CodeIgniter\CodeIgniter))
11 FCPATH\index.php(56): CodeIgniter\Boot::bootWeb(Object(Config\Paths))
CRITICAL - 2024-11-07 18:13:20 --> ErrorException: Undefined variable $ciudadanos
[Method: GET, Route: /]
in APPPATH\Views\welcome_message.php on line 10.
 1 APPPATH\Views\welcome_message.php(10): CodeIgniter\Debug\Exceptions->errorHandler(2, 'Undefined variable $ciudadanos', 'C:\\laragon\\www\\ht2-benjaminestrada-202208847\\app\\Views\\welcome_message.php', 10)
 2 SYSTEMPATH\View\View.php(234): include('C:\\laragon\\www\\ht2-benjaminestrada-202208847\\app\\Views\\welcome_message.php')
 3 SYSTEMPATH\View\View.php(237): CodeIgniter\View\View->CodeIgniter\View\{closure}()
 4 SYSTEMPATH\Common.php(1169): CodeIgniter\View\View->render('welcome_message', [], true)
 5 APPPATH\Controllers\Home.php(9): view('welcome_message')
 6 SYSTEMPATH\CodeIgniter.php(933): App\Controllers\Home->index()
 7 SYSTEMPATH\CodeIgniter.php(509): CodeIgniter\CodeIgniter->runController(Object(App\Controllers\Home))
 8 SYSTEMPATH\CodeIgniter.php(355): CodeIgniter\CodeIgniter->handleRequest(null, Object(Config\Cache), false)
 9 SYSTEMPATH\Boot.php(325): CodeIgniter\CodeIgniter->run()
10 SYSTEMPATH\Boot.php(67): CodeIgniter\Boot::runCodeIgniter(Object(CodeIgniter\CodeIgniter))
11 FCPATH\index.php(56): CodeIgniter\Boot::bootWeb(Object(Config\Paths))
CRITICAL - 2024-11-07 18:17:05 --> ErrorException: Undefined variable $ciudadanos
[Method: GET, Route: /]
in APPPATH\Views\welcome_message.php on line 10.
 1 APPPATH\Views\welcome_message.php(10): CodeIgniter\Debug\Exceptions->errorHandler(2, 'Undefined variable $ciudadanos', 'C:\\laragon\\www\\ht2-benjaminestrada-202208847\\app\\Views\\welcome_message.php', 10)
 2 SYSTEMPATH\View\View.php(234): include('C:\\laragon\\www\\ht2-benjaminestrada-202208847\\app\\Views\\welcome_message.php')
 3 SYSTEMPATH\View\View.php(237): CodeIgniter\View\View->CodeIgniter\View\{closure}()
 4 SYSTEMPATH\Common.php(1169): CodeIgniter\View\View->render('welcome_message', [], true)
 5 APPPATH\Controllers\Home.php(9): view('welcome_message')
 6 SYSTEMPATH\CodeIgniter.php(933): App\Controllers\Home->index()
 7 SYSTEMPATH\CodeIgniter.php(509): CodeIgniter\CodeIgniter->runController(Object(App\Controllers\Home))
 8 SYSTEMPATH\CodeIgniter.php(355): CodeIgniter\CodeIgniter->handleRequest(null, Object(Config\Cache), false)
 9 SYSTEMPATH\Boot.php(325): CodeIgniter\CodeIgniter->run()
10 SYSTEMPATH\Boot.php(67): CodeIgniter\Boot::runCodeIgniter(Object(CodeIgniter\CodeIgniter))
11 FCPATH\index.php(56): CodeIgniter\Boot::bootWeb(Object(Config\Paths))
CRITICAL - 2024-11-07 18:17:09 --> ErrorException: Undefined variable $ciudadanos
[Method: GET, Route: /]
in APPPATH\Views\welcome_message.php on line 10.
 1 APPPATH\Views\welcome_message.php(10): CodeIgniter\Debug\Exceptions->errorHandler(2, 'Undefined variable $ciudadanos', 'C:\\laragon\\www\\ht2-benjaminestrada-202208847\\app\\Views\\welcome_message.php', 10)
 2 SYSTEMPATH\View\View.php(234): include('C:\\laragon\\www\\ht2-benjaminestrada-202208847\\app\\Views\\welcome_message.php')
 3 SYSTEMPATH\View\View.php(237): CodeIgniter\View\View->CodeIgniter\View\{closure}()
 4 SYSTEMPATH\Common.php(1169): CodeIgniter\View\View->render('welcome_message', [], true)
 5 APPPATH\Controllers\Home.php(9): view('welcome_message')
 6 SYSTEMPATH\CodeIgniter.php(933): App\Controllers\Home->index()
 7 SYSTEMPATH\CodeIgniter.php(509): CodeIgniter\CodeIgniter->runController(Object(App\Controllers\Home))
 8 SYSTEMPATH\CodeIgniter.php(355): CodeIgniter\CodeIgniter->handleRequest(null, Object(Config\Cache), false)
 9 SYSTEMPATH\Boot.php(325): CodeIgniter\CodeIgniter->run()
10 SYSTEMPATH\Boot.php(67): CodeIgniter\Boot::runCodeIgniter(Object(CodeIgniter\CodeIgniter))
11 FCPATH\index.php(56): CodeIgniter\Boot::bootWeb(Object(Config\Paths))
CRITICAL - 2024-11-07 18:17:11 --> ErrorException: Undefined variable $ciudadanos
[Method: GET, Route: /]
in APPPATH\Views\welcome_message.php on line 10.
 1 APPPATH\Views\welcome_message.php(10): CodeIgniter\Debug\Exceptions->errorHandler(2, 'Undefined variable $ciudadanos', 'C:\\laragon\\www\\ht2-benjaminestrada-202208847\\app\\Views\\welcome_message.php', 10)
 2 SYSTEMPATH\View\View.php(234): include('C:\\laragon\\www\\ht2-benjaminestrada-202208847\\app\\Views\\welcome_message.php')
 3 SYSTEMPATH\View\View.php(237): CodeIgniter\View\View->CodeIgniter\View\{closure}()
 4 SYSTEMPATH\Common.php(1169): CodeIgniter\View\View->render('welcome_message', [], true)
 5 APPPATH\Controllers\Home.php(9): view('welcome_message')
 6 SYSTEMPATH\CodeIgniter.php(933): App\Controllers\Home->index()
 7 SYSTEMPATH\CodeIgniter.php(509): CodeIgniter\CodeIgniter->runController(Object(App\Controllers\Home))
 8 SYSTEMPATH\CodeIgniter.php(355): CodeIgniter\CodeIgniter->handleRequest(null, Object(Config\Cache), false)
 9 SYSTEMPATH\Boot.php(325): CodeIgniter\CodeIgniter->run()
10 SYSTEMPATH\Boot.php(67): CodeIgniter\Boot::runCodeIgniter(Object(CodeIgniter\CodeIgniter))
11 FCPATH\index.php(56): CodeIgniter\Boot::bootWeb(Object(Config\Paths))
CRITICAL - 2024-11-07 18:17:16 --> ErrorException: Undefined variable $ciudadanos
[Method: GET, Route: /]
in APPPATH\Views\welcome_message.php on line 10.
 1 APPPATH\Views\welcome_message.php(10): CodeIgniter\Debug\Exceptions->errorHandler(2, 'Undefined variable $ciudadanos', 'C:\\laragon\\www\\ht2-benjaminestrada-202208847\\app\\Views\\welcome_message.php', 10)
 2 SYSTEMPATH\View\View.php(234): include('C:\\laragon\\www\\ht2-benjaminestrada-202208847\\app\\Views\\welcome_message.php')
 3 SYSTEMPATH\View\View.php(237): CodeIgniter\View\View->CodeIgniter\View\{closure}()
 4 SYSTEMPATH\Common.php(1169): CodeIgniter\View\View->render('welcome_message', [], true)
 5 APPPATH\Controllers\Home.php(9): view('welcome_message')
 6 SYSTEMPATH\CodeIgniter.php(933): App\Controllers\Home->index()
 7 SYSTEMPATH\CodeIgniter.php(509): CodeIgniter\CodeIgniter->runController(Object(App\Controllers\Home))
 8 SYSTEMPATH\CodeIgniter.php(355): CodeIgniter\CodeIgniter->handleRequest(null, Object(Config\Cache), false)
 9 SYSTEMPATH\Boot.php(325): CodeIgniter\CodeIgniter->run()
10 SYSTEMPATH\Boot.php(67): CodeIgniter\Boot::runCodeIgniter(Object(CodeIgniter\CodeIgniter))
11 FCPATH\index.php(56): CodeIgniter\Boot::bootWeb(Object(Config\Paths))
CRITICAL - 2024-11-07 18:33:59 --> Error: Class "App\Models\CiudadanosModel" not found
[Method: GET, Route: ciudadanos]
in APPPATH\Controllers\CiudadanosController.php on line 11.
 1 SYSTEMPATH\CodeIgniter.php(933): App\Controllers\CiudadanosController->index()
 2 SYSTEMPATH\CodeIgniter.php(509): CodeIgniter\CodeIgniter->runController(Object(App\Controllers\CiudadanosController))
 3 SYSTEMPATH\CodeIgniter.php(355): CodeIgniter\CodeIgniter->handleRequest(null, Object(Config\Cache), false)
 4 SYSTEMPATH\Boot.php(325): CodeIgniter\CodeIgniter->run()
 5 SYSTEMPATH\Boot.php(67): CodeIgniter\Boot::runCodeIgniter(Object(CodeIgniter\CodeIgniter))
 6 FCPATH\index.php(56): CodeIgniter\Boot::bootWeb(Object(Config\Paths))
ERROR - 2024-11-07 18:36:28 --> Error connecting to the database: mysqli_sql_exception: Access denied for user ''@'localhost' (using password: YES) in C:\laragon\www\ht2-benjaminestrada-202208847\system\Database\MySQLi\Connection.php:187
Stack trace:
#0 C:\laragon\www\ht2-benjaminestrada-202208847\system\Database\MySQLi\Connection.php(187): mysqli->real_connect('localhost', '', '', '', 3306, '', 0)
#1 C:\laragon\www\ht2-benjaminestrada-202208847\system\Database\BaseConnection.php(421): CodeIgniter\Database\MySQLi\Connection->connect(false)
#2 C:\laragon\www\ht2-benjaminestrada-202208847\system\Database\BaseConnection.php(616): CodeIgniter\Database\BaseConnection->initialize()
#3 C:\laragon\www\ht2-benjaminestrada-202208847\system\Database\BaseBuilder.php(1644): CodeIgniter\Database\BaseConnection->query('SELECT *\nFROM `...', Array, false)
#4 C:\laragon\www\ht2-benjaminestrada-202208847\system\Model.php(286): CodeIgniter\Database\BaseBuilder->get()
#5 C:\laragon\www\ht2-benjaminestrada-202208847\system\BaseModel.php(676): CodeIgniter\Model->doFindAll(0, 0)
#6 C:\laragon\www\ht2-benjaminestrada-202208847\app\Controllers\CiudadanosController.php(12): CodeIgniter\BaseModel->findAll()
#7 C:\laragon\www\ht2-benjaminestrada-202208847\system\CodeIgniter.php(933): App\Controllers\CiudadanosController->index()
#8 C:\laragon\www\ht2-benjaminestrada-202208847\system\CodeIgniter.php(509): CodeIgniter\CodeIgniter->runController(Object(App\Controllers\CiudadanosController))
#9 C:\laragon\www\ht2-benjaminestrada-202208847\system\CodeIgniter.php(355): CodeIgniter\CodeIgniter->handleRequest(NULL, Object(Config\Cache), false)
#10 C:\laragon\www\ht2-benjaminestrada-202208847\system\Boot.php(325): CodeIgniter\CodeIgniter->run()
#11 C:\laragon\www\ht2-benjaminestrada-202208847\system\Boot.php(67): CodeIgniter\Boot::runCodeIgniter(Object(CodeIgniter\CodeIgniter))
#12 C:\laragon\www\ht2-benjaminestrada-202208847\public\index.php(56): CodeIgniter\Boot::bootWeb(Object(Config\Paths))
#13 {main}

Next CodeIgniter\Database\Exceptions\DatabaseException: Access denied for user ''@'localhost' (using password: YES) in C:\laragon\www\ht2-benjaminestrada-202208847\system\Database\MySQLi\Connection.php:231
Stack trace:
#0 C:\laragon\www\ht2-benjaminestrada-202208847\system\Database\BaseConnection.php(421): CodeIgniter\Database\MySQLi\Connection->connect(false)
#1 C:\laragon\www\ht2-benjaminestrada-202208847\system\Database\BaseConnection.php(616): CodeIgniter\Database\BaseConnection->initialize()
#2 C:\laragon\www\ht2-benjaminestrada-202208847\system\Database\BaseBuilder.php(1644): CodeIgniter\Database\BaseConnection->query('SELECT *\nFROM `...', Array, false)
#3 C:\laragon\www\ht2-benjaminestrada-202208847\system\Model.php(286): CodeIgniter\Database\BaseBuilder->get()
#4 C:\laragon\www\ht2-benjaminestrada-202208847\system\BaseModel.php(676): CodeIgniter\Model->doFindAll(0, 0)
#5 C:\laragon\www\ht2-benjaminestrada-202208847\app\Controllers\CiudadanosController.php(12): CodeIgniter\BaseModel->findAll()
#6 C:\laragon\www\ht2-benjaminestrada-202208847\system\CodeIgniter.php(933): App\Controllers\CiudadanosController->index()
#7 C:\laragon\www\ht2-benjaminestrada-202208847\system\CodeIgniter.php(509): CodeIgniter\CodeIgniter->runController(Object(App\Controllers\CiudadanosController))
#8 C:\laragon\www\ht2-benjaminestrada-202208847\system\CodeIgniter.php(355): CodeIgniter\CodeIgniter->handleRequest(NULL, Object(Config\Cache), false)
#9 C:\laragon\www\ht2-benjaminestrada-202208847\system\Boot.php(325): CodeIgniter\CodeIgniter->run()
#10 C:\laragon\www\ht2-benjaminestrada-202208847\system\Boot.php(67): CodeIgniter\Boot::runCodeIgniter(Object(CodeIgniter\CodeIgniter))
#11 C:\laragon\www\ht2-benjaminestrada-202208847\public\index.php(56): CodeIgniter\Boot::bootWeb(Object(Config\Paths))
#12 {main}
CRITICAL - 2024-11-07 18:36:28 --> CodeIgniter\Database\Exceptions\DatabaseException: Unable to connect to the database.
Main connection [MySQLi]: Access denied for user ''@'localhost' (using password: YES)
[Method: GET, Route: ciudadanos]
in SYSTEMPATH\Database\BaseConnection.php on line 467.
 1 SYSTEMPATH\Database\BaseConnection.php(616): CodeIgniter\Database\BaseConnection->initialize()
 2 SYSTEMPATH\Database\BaseBuilder.php(1644): CodeIgniter\Database\BaseConnection->query('SELECT *
FROM `ciudadanos`', [], false)
 3 SYSTEMPATH\Model.php(286): CodeIgniter\Database\BaseBuilder->get()
 4 SYSTEMPATH\BaseModel.php(676): CodeIgniter\Model->doFindAll(0, 0)
 5 APPPATH\Controllers\CiudadanosController.php(12): CodeIgniter\BaseModel->findAll()
 6 SYSTEMPATH\CodeIgniter.php(933): App\Controllers\CiudadanosController->index()
 7 SYSTEMPATH\CodeIgniter.php(509): CodeIgniter\CodeIgniter->runController(Object(App\Controllers\CiudadanosController))
 8 SYSTEMPATH\CodeIgniter.php(355): CodeIgniter\CodeIgniter->handleRequest(null, Object(Config\Cache), false)
 9 SYSTEMPATH\Boot.php(325): CodeIgniter\CodeIgniter->run()
10 SYSTEMPATH\Boot.php(67): CodeIgniter\Boot::runCodeIgniter(Object(CodeIgniter\CodeIgniter))
11 FCPATH\index.php(56): CodeIgniter\Boot::bootWeb(Object(Config\Paths))
ERROR - 2024-11-07 18:36:31 --> Error connecting to the database: mysqli_sql_exception: Access denied for user ''@'localhost' (using password: YES) in C:\laragon\www\ht2-benjaminestrada-202208847\system\Database\MySQLi\Connection.php:187
Stack trace:
#0 C:\laragon\www\ht2-benjaminestrada-202208847\system\Database\MySQLi\Connection.php(187): mysqli->real_connect('localhost', '', '', '', 3306, '', 0)
#1 C:\laragon\www\ht2-benjaminestrada-202208847\system\Database\BaseConnection.php(421): CodeIgniter\Database\MySQLi\Connection->connect(false)
#2 C:\laragon\www\ht2-benjaminestrada-202208847\system\Database\BaseConnection.php(616): CodeIgniter\Database\BaseConnection->initialize()
#3 C:\laragon\www\ht2-benjaminestrada-202208847\system\Database\BaseBuilder.php(1644): CodeIgniter\Database\BaseConnection->query('SELECT *\nFROM `...', Array, false)
#4 C:\laragon\www\ht2-benjaminestrada-202208847\system\Model.php(286): CodeIgniter\Database\BaseBuilder->get()
#5 C:\laragon\www\ht2-benjaminestrada-202208847\system\BaseModel.php(676): CodeIgniter\Model->doFindAll(0, 0)
#6 C:\laragon\www\ht2-benjaminestrada-202208847\app\Controllers\CiudadanosController.php(12): CodeIgniter\BaseModel->findAll()
#7 C:\laragon\www\ht2-benjaminestrada-202208847\system\CodeIgniter.php(933): App\Controllers\CiudadanosController->index()
#8 C:\laragon\www\ht2-benjaminestrada-202208847\system\CodeIgniter.php(509): CodeIgniter\CodeIgniter->runController(Object(App\Controllers\CiudadanosController))
#9 C:\laragon\www\ht2-benjaminestrada-202208847\system\CodeIgniter.php(355): CodeIgniter\CodeIgniter->handleRequest(NULL, Object(Config\Cache), false)
#10 C:\laragon\www\ht2-benjaminestrada-202208847\system\Boot.php(325): CodeIgniter\CodeIgniter->run()
#11 C:\laragon\www\ht2-benjaminestrada-202208847\system\Boot.php(67): CodeIgniter\Boot::runCodeIgniter(Object(CodeIgniter\CodeIgniter))
#12 C:\laragon\www\ht2-benjaminestrada-202208847\public\index.php(56): CodeIgniter\Boot::bootWeb(Object(Config\Paths))
#13 {main}

Next CodeIgniter\Database\Exceptions\DatabaseException: Access denied for user ''@'localhost' (using password: YES) in C:\laragon\www\ht2-benjaminestrada-202208847\system\Database\MySQLi\Connection.php:231
Stack trace:
#0 C:\laragon\www\ht2-benjaminestrada-202208847\system\Database\BaseConnection.php(421): CodeIgniter\Database\MySQLi\Connection->connect(false)
#1 C:\laragon\www\ht2-benjaminestrada-202208847\system\Database\BaseConnection.php(616): CodeIgniter\Database\BaseConnection->initialize()
#2 C:\laragon\www\ht2-benjaminestrada-202208847\system\Database\BaseBuilder.php(1644): CodeIgniter\Database\BaseConnection->query('SELECT *\nFROM `...', Array, false)
#3 C:\laragon\www\ht2-benjaminestrada-202208847\system\Model.php(286): CodeIgniter\Database\BaseBuilder->get()
#4 C:\laragon\www\ht2-benjaminestrada-202208847\system\BaseModel.php(676): CodeIgniter\Model->doFindAll(0, 0)
#5 C:\laragon\www\ht2-benjaminestrada-202208847\app\Controllers\CiudadanosController.php(12): CodeIgniter\BaseModel->findAll()
#6 C:\laragon\www\ht2-benjaminestrada-202208847\system\CodeIgniter.php(933): App\Controllers\CiudadanosController->index()
#7 C:\laragon\www\ht2-benjaminestrada-202208847\system\CodeIgniter.php(509): CodeIgniter\CodeIgniter->runController(Object(App\Controllers\CiudadanosController))
#8 C:\laragon\www\ht2-benjaminestrada-202208847\system\CodeIgniter.php(355): CodeIgniter\CodeIgniter->handleRequest(NULL, Object(Config\Cache), false)
#9 C:\laragon\www\ht2-benjaminestrada-202208847\system\Boot.php(325): CodeIgniter\CodeIgniter->run()
#10 C:\laragon\www\ht2-benjaminestrada-202208847\system\Boot.php(67): CodeIgniter\Boot::runCodeIgniter(Object(CodeIgniter\CodeIgniter))
#11 C:\laragon\www\ht2-benjaminestrada-202208847\public\index.php(56): CodeIgniter\Boot::bootWeb(Object(Config\Paths))
#12 {main}
CRITICAL - 2024-11-07 18:36:31 --> CodeIgniter\Database\Exceptions\DatabaseException: Unable to connect to the database.
Main connection [MySQLi]: Access denied for user ''@'localhost' (using password: YES)
[Method: GET, Route: ciudadanos]
in SYSTEMPATH\Database\BaseConnection.php on line 467.
 1 SYSTEMPATH\Database\BaseConnection.php(616): CodeIgniter\Database\BaseConnection->initialize()
 2 SYSTEMPATH\Database\BaseBuilder.php(1644): CodeIgniter\Database\BaseConnection->query('SELECT *
FROM `ciudadanos`', [], false)
 3 SYSTEMPATH\Model.php(286): CodeIgniter\Database\BaseBuilder->get()
 4 SYSTEMPATH\BaseModel.php(676): CodeIgniter\Model->doFindAll(0, 0)
 5 APPPATH\Controllers\CiudadanosController.php(12): CodeIgniter\BaseModel->findAll()
 6 SYSTEMPATH\CodeIgniter.php(933): App\Controllers\CiudadanosController->index()
 7 SYSTEMPATH\CodeIgniter.php(509): CodeIgniter\CodeIgniter->runController(Object(App\Controllers\CiudadanosController))
 8 SYSTEMPATH\CodeIgniter.php(355): CodeIgniter\CodeIgniter->handleRequest(null, Object(Config\Cache), false)
 9 SYSTEMPATH\Boot.php(325): CodeIgniter\CodeIgniter->run()
10 SYSTEMPATH\Boot.php(67): CodeIgniter\Boot::runCodeIgniter(Object(CodeIgniter\CodeIgniter))
11 FCPATH\index.php(56): CodeIgniter\Boot::bootWeb(Object(Config\Paths))
ERROR - 2024-11-07 18:37:19 --> Error connecting to the database: mysqli_sql_exception: Access denied for user ''@'localhost' (using password: YES) in C:\laragon\www\ht2-benjaminestrada-202208847\system\Database\MySQLi\Connection.php:187
Stack trace:
#0 C:\laragon\www\ht2-benjaminestrada-202208847\system\Database\MySQLi\Connection.php(187): mysqli->real_connect('localhost', '', '', '', 3306, '', 0)
#1 C:\laragon\www\ht2-benjaminestrada-202208847\system\Database\BaseConnection.php(421): CodeIgniter\Database\MySQLi\Connection->connect(false)
#2 C:\laragon\www\ht2-benjaminestrada-202208847\system\Database\BaseConnection.php(616): CodeIgniter\Database\BaseConnection->initialize()
#3 C:\laragon\www\ht2-benjaminestrada-202208847\system\Database\BaseBuilder.php(1644): CodeIgniter\Database\BaseConnection->query('SELECT *\nFROM `...', Array, false)
#4 C:\laragon\www\ht2-benjaminestrada-202208847\system\Model.php(286): CodeIgniter\Database\BaseBuilder->get()
#5 C:\laragon\www\ht2-benjaminestrada-202208847\system\BaseModel.php(676): CodeIgniter\Model->doFindAll(0, 0)
#6 C:\laragon\www\ht2-benjaminestrada-202208847\app\Controllers\CiudadanosController.php(12): CodeIgniter\BaseModel->findAll()
#7 C:\laragon\www\ht2-benjaminestrada-202208847\system\CodeIgniter.php(933): App\Controllers\CiudadanosController->index()
#8 C:\laragon\www\ht2-benjaminestrada-202208847\system\CodeIgniter.php(509): CodeIgniter\CodeIgniter->runController(Object(App\Controllers\CiudadanosController))
#9 C:\laragon\www\ht2-benjaminestrada-202208847\system\CodeIgniter.php(355): CodeIgniter\CodeIgniter->handleRequest(NULL, Object(Config\Cache), false)
#10 C:\laragon\www\ht2-benjaminestrada-202208847\system\Boot.php(325): CodeIgniter\CodeIgniter->run()
#11 C:\laragon\www\ht2-benjaminestrada-202208847\system\Boot.php(67): CodeIgniter\Boot::runCodeIgniter(Object(CodeIgniter\CodeIgniter))
#12 C:\laragon\www\ht2-benjaminestrada-202208847\public\index.php(56): CodeIgniter\Boot::bootWeb(Object(Config\Paths))
#13 {main}

Next CodeIgniter\Database\Exceptions\DatabaseException: Access denied for user ''@'localhost' (using password: YES) in C:\laragon\www\ht2-benjaminestrada-202208847\system\Database\MySQLi\Connection.php:231
Stack trace:
#0 C:\laragon\www\ht2-benjaminestrada-202208847\system\Database\BaseConnection.php(421): CodeIgniter\Database\MySQLi\Connection->connect(false)
#1 C:\laragon\www\ht2-benjaminestrada-202208847\system\Database\BaseConnection.php(616): CodeIgniter\Database\BaseConnection->initialize()
#2 C:\laragon\www\ht2-benjaminestrada-202208847\system\Database\BaseBuilder.php(1644): CodeIgniter\Database\BaseConnection->query('SELECT *\nFROM `...', Array, false)
#3 C:\laragon\www\ht2-benjaminestrada-202208847\system\Model.php(286): CodeIgniter\Database\BaseBuilder->get()
#4 C:\laragon\www\ht2-benjaminestrada-202208847\system\BaseModel.php(676): CodeIgniter\Model->doFindAll(0, 0)
#5 C:\laragon\www\ht2-benjaminestrada-202208847\app\Controllers\CiudadanosController.php(12): CodeIgniter\BaseModel->findAll()
#6 C:\laragon\www\ht2-benjaminestrada-202208847\system\CodeIgniter.php(933): App\Controllers\CiudadanosController->index()
#7 C:\laragon\www\ht2-benjaminestrada-202208847\system\CodeIgniter.php(509): CodeIgniter\CodeIgniter->runController(Object(App\Controllers\CiudadanosController))
#8 C:\laragon\www\ht2-benjaminestrada-202208847\system\CodeIgniter.php(355): CodeIgniter\CodeIgniter->handleRequest(NULL, Object(Config\Cache), false)
#9 C:\laragon\www\ht2-benjaminestrada-202208847\system\Boot.php(325): CodeIgniter\CodeIgniter->run()
#10 C:\laragon\www\ht2-benjaminestrada-202208847\system\Boot.php(67): CodeIgniter\Boot::runCodeIgniter(Object(CodeIgniter\CodeIgniter))
#11 C:\laragon\www\ht2-benjaminestrada-202208847\public\index.php(56): CodeIgniter\Boot::bootWeb(Object(Config\Paths))
#12 {main}
CRITICAL - 2024-11-07 18:37:19 --> CodeIgniter\Database\Exceptions\DatabaseException: Unable to connect to the database.
Main connection [MySQLi]: Access denied for user ''@'localhost' (using password: YES)
[Method: GET, Route: ciudadanos]
in SYSTEMPATH\Database\BaseConnection.php on line 467.
 1 SYSTEMPATH\Database\BaseConnection.php(616): CodeIgniter\Database\BaseConnection->initialize()
 2 SYSTEMPATH\Database\BaseBuilder.php(1644): CodeIgniter\Database\BaseConnection->query('SELECT *
FROM `ciudadanos`', [], false)
 3 SYSTEMPATH\Model.php(286): CodeIgniter\Database\BaseBuilder->get()
 4 SYSTEMPATH\BaseModel.php(676): CodeIgniter\Model->doFindAll(0, 0)
 5 APPPATH\Controllers\CiudadanosController.php(12): CodeIgniter\BaseModel->findAll()
 6 SYSTEMPATH\CodeIgniter.php(933): App\Controllers\CiudadanosController->index()
 7 SYSTEMPATH\CodeIgniter.php(509): CodeIgniter\CodeIgniter->runController(Object(App\Controllers\CiudadanosController))
 8 SYSTEMPATH\CodeIgniter.php(355): CodeIgniter\CodeIgniter->handleRequest(null, Object(Config\Cache), false)
 9 SYSTEMPATH\Boot.php(325): CodeIgniter\CodeIgniter->run()
10 SYSTEMPATH\Boot.php(67): CodeIgniter\Boot::runCodeIgniter(Object(CodeIgniter\CodeIgniter))
11 FCPATH\index.php(56): CodeIgniter\Boot::bootWeb(Object(Config\Paths))
ERROR - 2024-11-07 18:37:29 --> Error connecting to the database: mysqli_sql_exception: Access denied for user ''@'localhost' (using password: YES) in C:\laragon\www\ht2-benjaminestrada-202208847\system\Database\MySQLi\Connection.php:187
Stack trace:
#0 C:\laragon\www\ht2-benjaminestrada-202208847\system\Database\MySQLi\Connection.php(187): mysqli->real_connect('localhost', '', '', '', 3306, '', 0)
#1 C:\laragon\www\ht2-benjaminestrada-202208847\system\Database\BaseConnection.php(421): CodeIgniter\Database\MySQLi\Connection->connect(false)
#2 C:\laragon\www\ht2-benjaminestrada-202208847\system\Database\BaseConnection.php(616): CodeIgniter\Database\BaseConnection->initialize()
#3 C:\laragon\www\ht2-benjaminestrada-202208847\system\Database\BaseBuilder.php(1644): CodeIgniter\Database\BaseConnection->query('SELECT *\nFROM `...', Array, false)
#4 C:\laragon\www\ht2-benjaminestrada-202208847\system\Model.php(286): CodeIgniter\Database\BaseBuilder->get()
#5 C:\laragon\www\ht2-benjaminestrada-202208847\system\BaseModel.php(676): CodeIgniter\Model->doFindAll(0, 0)
#6 C:\laragon\www\ht2-benjaminestrada-202208847\app\Controllers\CiudadanosController.php(12): CodeIgniter\BaseModel->findAll()
#7 C:\laragon\www\ht2-benjaminestrada-202208847\system\CodeIgniter.php(933): App\Controllers\CiudadanosController->index()
#8 C:\laragon\www\ht2-benjaminestrada-202208847\system\CodeIgniter.php(509): CodeIgniter\CodeIgniter->runController(Object(App\Controllers\CiudadanosController))
#9 C:\laragon\www\ht2-benjaminestrada-202208847\system\CodeIgniter.php(355): CodeIgniter\CodeIgniter->handleRequest(NULL, Object(Config\Cache), false)
#10 C:\laragon\www\ht2-benjaminestrada-202208847\system\Boot.php(325): CodeIgniter\CodeIgniter->run()
#11 C:\laragon\www\ht2-benjaminestrada-202208847\system\Boot.php(67): CodeIgniter\Boot::runCodeIgniter(Object(CodeIgniter\CodeIgniter))
#12 C:\laragon\www\ht2-benjaminestrada-202208847\public\index.php(56): CodeIgniter\Boot::bootWeb(Object(Config\Paths))
#13 {main}

Next CodeIgniter\Database\Exceptions\DatabaseException: Access denied for user ''@'localhost' (using password: YES) in C:\laragon\www\ht2-benjaminestrada-202208847\system\Database\MySQLi\Connection.php:231
Stack trace:
#0 C:\laragon\www\ht2-benjaminestrada-202208847\system\Database\BaseConnection.php(421): CodeIgniter\Database\MySQLi\Connection->connect(false)
#1 C:\laragon\www\ht2-benjaminestrada-202208847\system\Database\BaseConnection.php(616): CodeIgniter\Database\BaseConnection->initialize()
#2 C:\laragon\www\ht2-benjaminestrada-202208847\system\Database\BaseBuilder.php(1644): CodeIgniter\Database\BaseConnection->query('SELECT *\nFROM `...', Array, false)
#3 C:\laragon\www\ht2-benjaminestrada-202208847\system\Model.php(286): CodeIgniter\Database\BaseBuilder->get()
#4 C:\laragon\www\ht2-benjaminestrada-202208847\system\BaseModel.php(676): CodeIgniter\Model->doFindAll(0, 0)
#5 C:\laragon\www\ht2-benjaminestrada-202208847\app\Controllers\CiudadanosController.php(12): CodeIgniter\BaseModel->findAll()
#6 C:\laragon\www\ht2-benjaminestrada-202208847\system\CodeIgniter.php(933): App\Controllers\CiudadanosController->index()
#7 C:\laragon\www\ht2-benjaminestrada-202208847\system\CodeIgniter.php(509): CodeIgniter\CodeIgniter->runController(Object(App\Controllers\CiudadanosController))
#8 C:\laragon\www\ht2-benjaminestrada-202208847\system\CodeIgniter.php(355): CodeIgniter\CodeIgniter->handleRequest(NULL, Object(Config\Cache), false)
#9 C:\laragon\www\ht2-benjaminestrada-202208847\system\Boot.php(325): CodeIgniter\CodeIgniter->run()
#10 C:\laragon\www\ht2-benjaminestrada-202208847\system\Boot.php(67): CodeIgniter\Boot::runCodeIgniter(Object(CodeIgniter\CodeIgniter))
#11 C:\laragon\www\ht2-benjaminestrada-202208847\public\index.php(56): CodeIgniter\Boot::bootWeb(Object(Config\Paths))
#12 {main}
CRITICAL - 2024-11-07 18:37:29 --> CodeIgniter\Database\Exceptions\DatabaseException: Unable to connect to the database.
Main connection [MySQLi]: Access denied for user ''@'localhost' (using password: YES)
[Method: GET, Route: ciudadanos]
in SYSTEMPATH\Database\BaseConnection.php on line 467.
 1 SYSTEMPATH\Database\BaseConnection.php(616): CodeIgniter\Database\BaseConnection->initialize()
 2 SYSTEMPATH\Database\BaseBuilder.php(1644): CodeIgniter\Database\BaseConnection->query('SELECT *
FROM `ciudadanos`', [], false)
 3 SYSTEMPATH\Model.php(286): CodeIgniter\Database\BaseBuilder->get()
 4 SYSTEMPATH\BaseModel.php(676): CodeIgniter\Model->doFindAll(0, 0)
 5 APPPATH\Controllers\CiudadanosController.php(12): CodeIgniter\BaseModel->findAll()
 6 SYSTEMPATH\CodeIgniter.php(933): App\Controllers\CiudadanosController->index()
 7 SYSTEMPATH\CodeIgniter.php(509): CodeIgniter\CodeIgniter->runController(Object(App\Controllers\CiudadanosController))
 8 SYSTEMPATH\CodeIgniter.php(355): CodeIgniter\CodeIgniter->handleRequest(null, Object(Config\Cache), false)
 9 SYSTEMPATH\Boot.php(325): CodeIgniter\CodeIgniter->run()
10 SYSTEMPATH\Boot.php(67): CodeIgniter\Boot::runCodeIgniter(Object(CodeIgniter\CodeIgniter))
11 FCPATH\index.php(56): CodeIgniter\Boot::bootWeb(Object(Config\Paths))
ERROR - 2024-11-07 18:40:42 --> Error connecting to the database: mysqli_sql_exception: Access denied for user ''@'localhost' (using password: YES) in C:\laragon\www\ht2-benjaminestrada-202208847\system\Database\MySQLi\Connection.php:187
Stack trace:
#0 C:\laragon\www\ht2-benjaminestrada-202208847\system\Database\MySQLi\Connection.php(187): mysqli->real_connect('localhost', '', '', '', 3306, '', 0)
#1 C:\laragon\www\ht2-benjaminestrada-202208847\system\Database\BaseConnection.php(421): CodeIgniter\Database\MySQLi\Connection->connect(false)
#2 C:\laragon\www\ht2-benjaminestrada-202208847\system\Database\BaseConnection.php(616): CodeIgniter\Database\BaseConnection->initialize()
#3 C:\laragon\www\ht2-benjaminestrada-202208847\system\Database\BaseBuilder.php(1644): CodeIgniter\Database\BaseConnection->query('SELECT *\nFROM `...', Array, false)
#4 C:\laragon\www\ht2-benjaminestrada-202208847\system\Model.php(286): CodeIgniter\Database\BaseBuilder->get()
#5 C:\laragon\www\ht2-benjaminestrada-202208847\system\BaseModel.php(676): CodeIgniter\Model->doFindAll(0, 0)
#6 C:\laragon\www\ht2-benjaminestrada-202208847\app\Controllers\CiudadanosController.php(12): CodeIgniter\BaseModel->findAll()
#7 C:\laragon\www\ht2-benjaminestrada-202208847\system\CodeIgniter.php(933): App\Controllers\CiudadanosController->index()
#8 C:\laragon\www\ht2-benjaminestrada-202208847\system\CodeIgniter.php(509): CodeIgniter\CodeIgniter->runController(Object(App\Controllers\CiudadanosController))
#9 C:\laragon\www\ht2-benjaminestrada-202208847\system\CodeIgniter.php(355): CodeIgniter\CodeIgniter->handleRequest(NULL, Object(Config\Cache), false)
#10 C:\laragon\www\ht2-benjaminestrada-202208847\system\Boot.php(325): CodeIgniter\CodeIgniter->run()
#11 C:\laragon\www\ht2-benjaminestrada-202208847\system\Boot.php(67): CodeIgniter\Boot::runCodeIgniter(Object(CodeIgniter\CodeIgniter))
#12 C:\laragon\www\ht2-benjaminestrada-202208847\public\index.php(56): CodeIgniter\Boot::bootWeb(Object(Config\Paths))
#13 {main}

Next CodeIgniter\Database\Exceptions\DatabaseException: Access denied for user ''@'localhost' (using password: YES) in C:\laragon\www\ht2-benjaminestrada-202208847\system\Database\MySQLi\Connection.php:231
Stack trace:
#0 C:\laragon\www\ht2-benjaminestrada-202208847\system\Database\BaseConnection.php(421): CodeIgniter\Database\MySQLi\Connection->connect(false)
#1 C:\laragon\www\ht2-benjaminestrada-202208847\system\Database\BaseConnection.php(616): CodeIgniter\Database\BaseConnection->initialize()
#2 C:\laragon\www\ht2-benjaminestrada-202208847\system\Database\BaseBuilder.php(1644): CodeIgniter\Database\BaseConnection->query('SELECT *\nFROM `...', Array, false)
#3 C:\laragon\www\ht2-benjaminestrada-202208847\system\Model.php(286): CodeIgniter\Database\BaseBuilder->get()
#4 C:\laragon\www\ht2-benjaminestrada-202208847\system\BaseModel.php(676): CodeIgniter\Model->doFindAll(0, 0)
#5 C:\laragon\www\ht2-benjaminestrada-202208847\app\Controllers\CiudadanosController.php(12): CodeIgniter\BaseModel->findAll()
#6 C:\laragon\www\ht2-benjaminestrada-202208847\system\CodeIgniter.php(933): App\Controllers\CiudadanosController->index()
#7 C:\laragon\www\ht2-benjaminestrada-202208847\system\CodeIgniter.php(509): CodeIgniter\CodeIgniter->runController(Object(App\Controllers\CiudadanosController))
#8 C:\laragon\www\ht2-benjaminestrada-202208847\system\CodeIgniter.php(355): CodeIgniter\CodeIgniter->handleRequest(NULL, Object(Config\Cache), false)
#9 C:\laragon\www\ht2-benjaminestrada-202208847\system\Boot.php(325): CodeIgniter\CodeIgniter->run()
#10 C:\laragon\www\ht2-benjaminestrada-202208847\system\Boot.php(67): CodeIgniter\Boot::runCodeIgniter(Object(CodeIgniter\CodeIgniter))
#11 C:\laragon\www\ht2-benjaminestrada-202208847\public\index.php(56): CodeIgniter\Boot::bootWeb(Object(Config\Paths))
#12 {main}
CRITICAL - 2024-11-07 18:40:42 --> CodeIgniter\Database\Exceptions\DatabaseException: Unable to connect to the database.
Main connection [MySQLi]: Access denied for user ''@'localhost' (using password: YES)
[Method: GET, Route: ciudadanos]
in SYSTEMPATH\Database\BaseConnection.php on line 467.
 1 SYSTEMPATH\Database\BaseConnection.php(616): CodeIgniter\Database\BaseConnection->initialize()
 2 SYSTEMPATH\Database\BaseBuilder.php(1644): CodeIgniter\Database\BaseConnection->query('SELECT *
FROM `ciudadanos`', [], false)
 3 SYSTEMPATH\Model.php(286): CodeIgniter\Database\BaseBuilder->get()
 4 SYSTEMPATH\BaseModel.php(676): CodeIgniter\Model->doFindAll(0, 0)
 5 APPPATH\Controllers\CiudadanosController.php(12): CodeIgniter\BaseModel->findAll()
 6 SYSTEMPATH\CodeIgniter.php(933): App\Controllers\CiudadanosController->index()
 7 SYSTEMPATH\CodeIgniter.php(509): CodeIgniter\CodeIgniter->runController(Object(App\Controllers\CiudadanosController))
 8 SYSTEMPATH\CodeIgniter.php(355): CodeIgniter\CodeIgniter->handleRequest(null, Object(Config\Cache), false)
 9 SYSTEMPATH\Boot.php(325): CodeIgniter\CodeIgniter->run()
10 SYSTEMPATH\Boot.php(67): CodeIgniter\Boot::runCodeIgniter(Object(CodeIgniter\CodeIgniter))
11 FCPATH\index.php(56): CodeIgniter\Boot::bootWeb(Object(Config\Paths))
ERROR - 2024-11-07 18:41:12 --> Error connecting to the database: mysqli_sql_exception: Access denied for user ''@'localhost' (using password: YES) in C:\laragon\www\ht2-benjaminestrada-202208847\system\Database\MySQLi\Connection.php:187
Stack trace:
#0 C:\laragon\www\ht2-benjaminestrada-202208847\system\Database\MySQLi\Connection.php(187): mysqli->real_connect('localhost', '', '', '', 3306, '', 0)
#1 C:\laragon\www\ht2-benjaminestrada-202208847\system\Database\BaseConnection.php(421): CodeIgniter\Database\MySQLi\Connection->connect(false)
#2 C:\laragon\www\ht2-benjaminestrada-202208847\system\Database\BaseConnection.php(616): CodeIgniter\Database\BaseConnection->initialize()
#3 C:\laragon\www\ht2-benjaminestrada-202208847\system\Database\BaseBuilder.php(1644): CodeIgniter\Database\BaseConnection->query('SELECT *\nFROM `...', Array, false)
#4 C:\laragon\www\ht2-benjaminestrada-202208847\system\Model.php(286): CodeIgniter\Database\BaseBuilder->get()
#5 C:\laragon\www\ht2-benjaminestrada-202208847\system\BaseModel.php(676): CodeIgniter\Model->doFindAll(0, 0)
#6 C:\laragon\www\ht2-benjaminestrada-202208847\app\Controllers\CiudadanosController.php(12): CodeIgniter\BaseModel->findAll()
#7 C:\laragon\www\ht2-benjaminestrada-202208847\system\CodeIgniter.php(933): App\Controllers\CiudadanosController->index()
#8 C:\laragon\www\ht2-benjaminestrada-202208847\system\CodeIgniter.php(509): CodeIgniter\CodeIgniter->runController(Object(App\Controllers\CiudadanosController))
#9 C:\laragon\www\ht2-benjaminestrada-202208847\system\CodeIgniter.php(355): CodeIgniter\CodeIgniter->handleRequest(NULL, Object(Config\Cache), false)
#10 C:\laragon\www\ht2-benjaminestrada-202208847\system\Boot.php(325): CodeIgniter\CodeIgniter->run()
#11 C:\laragon\www\ht2-benjaminestrada-202208847\system\Boot.php(67): CodeIgniter\Boot::runCodeIgniter(Object(CodeIgniter\CodeIgniter))
#12 C:\laragon\www\ht2-benjaminestrada-202208847\public\index.php(56): CodeIgniter\Boot::bootWeb(Object(Config\Paths))
#13 {main}

Next CodeIgniter\Database\Exceptions\DatabaseException: Access denied for user ''@'localhost' (using password: YES) in C:\laragon\www\ht2-benjaminestrada-202208847\system\Database\MySQLi\Connection.php:231
Stack trace:
#0 C:\laragon\www\ht2-benjaminestrada-202208847\system\Database\BaseConnection.php(421): CodeIgniter\Database\MySQLi\Connection->connect(false)
#1 C:\laragon\www\ht2-benjaminestrada-202208847\system\Database\BaseConnection.php(616): CodeIgniter\Database\BaseConnection->initialize()
#2 C:\laragon\www\ht2-benjaminestrada-202208847\system\Database\BaseBuilder.php(1644): CodeIgniter\Database\BaseConnection->query('SELECT *\nFROM `...', Array, false)
#3 C:\laragon\www\ht2-benjaminestrada-202208847\system\Model.php(286): CodeIgniter\Database\BaseBuilder->get()
#4 C:\laragon\www\ht2-benjaminestrada-202208847\system\BaseModel.php(676): CodeIgniter\Model->doFindAll(0, 0)
#5 C:\laragon\www\ht2-benjaminestrada-202208847\app\Controllers\CiudadanosController.php(12): CodeIgniter\BaseModel->findAll()
#6 C:\laragon\www\ht2-benjaminestrada-202208847\system\CodeIgniter.php(933): App\Controllers\CiudadanosController->index()
#7 C:\laragon\www\ht2-benjaminestrada-202208847\system\CodeIgniter.php(509): CodeIgniter\CodeIgniter->runController(Object(App\Controllers\CiudadanosController))
#8 C:\laragon\www\ht2-benjaminestrada-202208847\system\CodeIgniter.php(355): CodeIgniter\CodeIgniter->handleRequest(NULL, Object(Config\Cache), false)
#9 C:\laragon\www\ht2-benjaminestrada-202208847\system\Boot.php(325): CodeIgniter\CodeIgniter->run()
#10 C:\laragon\www\ht2-benjaminestrada-202208847\system\Boot.php(67): CodeIgniter\Boot::runCodeIgniter(Object(CodeIgniter\CodeIgniter))
#11 C:\laragon\www\ht2-benjaminestrada-202208847\public\index.php(56): CodeIgniter\Boot::bootWeb(Object(Config\Paths))
#12 {main}
CRITICAL - 2024-11-07 18:41:12 --> CodeIgniter\Database\Exceptions\DatabaseException: Unable to connect to the database.
Main connection [MySQLi]: Access denied for user ''@'localhost' (using password: YES)
[Method: GET, Route: ciudadanos]
in SYSTEMPATH\Database\BaseConnection.php on line 467.
 1 SYSTEMPATH\Database\BaseConnection.php(616): CodeIgniter\Database\BaseConnection->initialize()
 2 SYSTEMPATH\Database\BaseBuilder.php(1644): CodeIgniter\Database\BaseConnection->query('SELECT *
FROM `ciudadanos`', [], false)
 3 SYSTEMPATH\Model.php(286): CodeIgniter\Database\BaseBuilder->get()
 4 SYSTEMPATH\BaseModel.php(676): CodeIgniter\Model->doFindAll(0, 0)
 5 APPPATH\Controllers\CiudadanosController.php(12): CodeIgniter\BaseModel->findAll()
 6 SYSTEMPATH\CodeIgniter.php(933): App\Controllers\CiudadanosController->index()
 7 SYSTEMPATH\CodeIgniter.php(509): CodeIgniter\CodeIgniter->runController(Object(App\Controllers\CiudadanosController))
 8 SYSTEMPATH\CodeIgniter.php(355): CodeIgniter\CodeIgniter->handleRequest(null, Object(Config\Cache), false)
 9 SYSTEMPATH\Boot.php(325): CodeIgniter\CodeIgniter->run()
10 SYSTEMPATH\Boot.php(67): CodeIgniter\Boot::runCodeIgniter(Object(CodeIgniter\CodeIgniter))
11 FCPATH\index.php(56): CodeIgniter\Boot::bootWeb(Object(Config\Paths))
ERROR - 2024-11-07 18:44:20 --> Error connecting to the database: mysqli_sql_exception: Access denied for user ''@'localhost' (using password: YES) in C:\laragon\www\ht2-benjaminestrada-202208847\system\Database\MySQLi\Connection.php:187
Stack trace:
#0 C:\laragon\www\ht2-benjaminestrada-202208847\system\Database\MySQLi\Connection.php(187): mysqli->real_connect('localhost', '', '', '', 3306, '', 0)
#1 C:\laragon\www\ht2-benjaminestrada-202208847\system\Database\BaseConnection.php(421): CodeIgniter\Database\MySQLi\Connection->connect(false)
#2 C:\laragon\www\ht2-benjaminestrada-202208847\system\Database\BaseConnection.php(616): CodeIgniter\Database\BaseConnection->initialize()
#3 C:\laragon\www\ht2-benjaminestrada-202208847\system\Database\BaseBuilder.php(1644): CodeIgniter\Database\BaseConnection->query('SELECT *\nFROM `...', Array, false)
#4 C:\laragon\www\ht2-benjaminestrada-202208847\system\Model.php(286): CodeIgniter\Database\BaseBuilder->get()
#5 C:\laragon\www\ht2-benjaminestrada-202208847\system\BaseModel.php(676): CodeIgniter\Model->doFindAll(0, 0)
#6 C:\laragon\www\ht2-benjaminestrada-202208847\app\Controllers\CiudadanosController.php(12): CodeIgniter\BaseModel->findAll()
#7 C:\laragon\www\ht2-benjaminestrada-202208847\system\CodeIgniter.php(933): App\Controllers\CiudadanosController->index()
#8 C:\laragon\www\ht2-benjaminestrada-202208847\system\CodeIgniter.php(509): CodeIgniter\CodeIgniter->runController(Object(App\Controllers\CiudadanosController))
#9 C:\laragon\www\ht2-benjaminestrada-202208847\system\CodeIgniter.php(355): CodeIgniter\CodeIgniter->handleRequest(NULL, Object(Config\Cache), false)
#10 C:\laragon\www\ht2-benjaminestrada-202208847\system\Boot.php(325): CodeIgniter\CodeIgniter->run()
#11 C:\laragon\www\ht2-benjaminestrada-202208847\system\Boot.php(67): CodeIgniter\Boot::runCodeIgniter(Object(CodeIgniter\CodeIgniter))
#12 C:\laragon\www\ht2-benjaminestrada-202208847\public\index.php(56): CodeIgniter\Boot::bootWeb(Object(Config\Paths))
#13 {main}

Next CodeIgniter\Database\Exceptions\DatabaseException: Access denied for user ''@'localhost' (using password: YES) in C:\laragon\www\ht2-benjaminestrada-202208847\system\Database\MySQLi\Connection.php:231
Stack trace:
#0 C:\laragon\www\ht2-benjaminestrada-202208847\system\Database\BaseConnection.php(421): CodeIgniter\Database\MySQLi\Connection->connect(false)
#1 C:\laragon\www\ht2-benjaminestrada-202208847\system\Database\BaseConnection.php(616): CodeIgniter\Database\BaseConnection->initialize()
#2 C:\laragon\www\ht2-benjaminestrada-202208847\system\Database\BaseBuilder.php(1644): CodeIgniter\Database\BaseConnection->query('SELECT *\nFROM `...', Array, false)
#3 C:\laragon\www\ht2-benjaminestrada-202208847\system\Model.php(286): CodeIgniter\Database\BaseBuilder->get()
#4 C:\laragon\www\ht2-benjaminestrada-202208847\system\BaseModel.php(676): CodeIgniter\Model->doFindAll(0, 0)
#5 C:\laragon\www\ht2-benjaminestrada-202208847\app\Controllers\CiudadanosController.php(12): CodeIgniter\BaseModel->findAll()
#6 C:\laragon\www\ht2-benjaminestrada-202208847\system\CodeIgniter.php(933): App\Controllers\CiudadanosController->index()
#7 C:\laragon\www\ht2-benjaminestrada-202208847\system\CodeIgniter.php(509): CodeIgniter\CodeIgniter->runController(Object(App\Controllers\CiudadanosController))
#8 C:\laragon\www\ht2-benjaminestrada-202208847\system\CodeIgniter.php(355): CodeIgniter\CodeIgniter->handleRequest(NULL, Object(Config\Cache), false)
#9 C:\laragon\www\ht2-benjaminestrada-202208847\system\Boot.php(325): CodeIgniter\CodeIgniter->run()
#10 C:\laragon\www\ht2-benjaminestrada-202208847\system\Boot.php(67): CodeIgniter\Boot::runCodeIgniter(Object(CodeIgniter\CodeIgniter))
#11 C:\laragon\www\ht2-benjaminestrada-202208847\public\index.php(56): CodeIgniter\Boot::bootWeb(Object(Config\Paths))
#12 {main}
CRITICAL - 2024-11-07 18:44:20 --> CodeIgniter\Database\Exceptions\DatabaseException: Unable to connect to the database.
Main connection [MySQLi]: Access denied for user ''@'localhost' (using password: YES)
[Method: GET, Route: ciudadanos]
in SYSTEMPATH\Database\BaseConnection.php on line 467.
 1 SYSTEMPATH\Database\BaseConnection.php(616): CodeIgniter\Database\BaseConnection->initialize()
 2 SYSTEMPATH\Database\BaseBuilder.php(1644): CodeIgniter\Database\BaseConnection->query('SELECT *
FROM `ciudadanos`', [], false)
 3 SYSTEMPATH\Model.php(286): CodeIgniter\Database\BaseBuilder->get()
 4 SYSTEMPATH\BaseModel.php(676): CodeIgniter\Model->doFindAll(0, 0)
 5 APPPATH\Controllers\CiudadanosController.php(12): CodeIgniter\BaseModel->findAll()
 6 SYSTEMPATH\CodeIgniter.php(933): App\Controllers\CiudadanosController->index()
 7 SYSTEMPATH\CodeIgniter.php(509): CodeIgniter\CodeIgniter->runController(Object(App\Controllers\CiudadanosController))
 8 SYSTEMPATH\CodeIgniter.php(355): CodeIgniter\CodeIgniter->handleRequest(null, Object(Config\Cache), false)
 9 SYSTEMPATH\Boot.php(325): CodeIgniter\CodeIgniter->run()
10 SYSTEMPATH\Boot.php(67): CodeIgniter\Boot::runCodeIgniter(Object(CodeIgniter\CodeIgniter))
11 FCPATH\index.php(56): CodeIgniter\Boot::bootWeb(Object(Config\Paths))
CRITICAL - 2024-11-07 18:59:30 --> ErrorException: Undefined array key "nombre"
[Method: GET, Route: municipios]
in APPPATH\Views\municipios\index.php on line 24.
 1 APPPATH\Views\municipios\index.php(24): CodeIgniter\Debug\Exceptions->errorHandler(2, 'Undefined array key "nombre"', 'C:\\laragon\\www\\ht2-benjaminestrada-202208847\\app\\Views\\municipios\\index.php', 24)
 2 SYSTEMPATH\View\View.php(234): include('C:\\laragon\\www\\ht2-benjaminestrada-202208847\\app\\Views\\municipios\\index.php')
 3 SYSTEMPATH\View\View.php(237): CodeIgniter\View\View->CodeIgniter\View\{closure}()
 4 SYSTEMPATH\Common.php(1169): CodeIgniter\View\View->render('municipios/index', [], true)
 5 APPPATH\Controllers\MunicipiosController.php(15): view('municipios/index', [...])
 6 SYSTEMPATH\CodeIgniter.php(933): App\Controllers\MunicipiosController->index()
 7 SYSTEMPATH\CodeIgniter.php(509): CodeIgniter\CodeIgniter->runController(Object(App\Controllers\MunicipiosController))
 8 SYSTEMPATH\CodeIgniter.php(355): CodeIgniter\CodeIgniter->handleRequest(null, Object(Config\Cache), false)
 9 SYSTEMPATH\Boot.php(325): CodeIgniter\CodeIgniter->run()
10 SYSTEMPATH\Boot.php(67): CodeIgniter\Boot::runCodeIgniter(Object(CodeIgniter\CodeIgniter))
11 FCPATH\index.php(56): CodeIgniter\Boot::bootWeb(Object(Config\Paths))
CRITICAL - 2024-11-07 19:00:50 --> ErrorException: Undefined array key "nombre"
[Method: GET, Route: municipios]
in APPPATH\Views\municipios\index.php on line 24.
 1 APPPATH\Views\municipios\index.php(24): CodeIgniter\Debug\Exceptions->errorHandler(2, 'Undefined array key "nombre"', 'C:\\laragon\\www\\ht2-benjaminestrada-202208847\\app\\Views\\municipios\\index.php', 24)
 2 SYSTEMPATH\View\View.php(234): include('C:\\laragon\\www\\ht2-benjaminestrada-202208847\\app\\Views\\municipios\\index.php')
 3 SYSTEMPATH\View\View.php(237): CodeIgniter\View\View->CodeIgniter\View\{closure}()
 4 SYSTEMPATH\Common.php(1169): CodeIgniter\View\View->render('municipios/index', [], true)
 5 APPPATH\Controllers\MunicipiosController.php(15): view('municipios/index', [...])
 6 SYSTEMPATH\CodeIgniter.php(933): App\Controllers\MunicipiosController->index()
 7 SYSTEMPATH\CodeIgniter.php(509): CodeIgniter\CodeIgniter->runController(Object(App\Controllers\MunicipiosController))
 8 SYSTEMPATH\CodeIgniter.php(355): CodeIgniter\CodeIgniter->handleRequest(null, Object(Config\Cache), false)
 9 SYSTEMPATH\Boot.php(325): CodeIgniter\CodeIgniter->run()
10 SYSTEMPATH\Boot.php(67): CodeIgniter\Boot::runCodeIgniter(Object(CodeIgniter\CodeIgniter))
11 FCPATH\index.php(56): CodeIgniter\Boot::bootWeb(Object(Config\Paths))
CRITICAL - 2024-11-07 19:02:18 --> ErrorException: Undefined array key "nombre"
[Method: GET, Route: municipios]
in APPPATH\Views\municipios\index.php on line 24.
 1 APPPATH\Views\municipios\index.php(24): CodeIgniter\Debug\Exceptions->errorHandler(2, 'Undefined array key "nombre"', 'C:\\laragon\\www\\ht2-benjaminestrada-202208847\\app\\Views\\municipios\\index.php', 24)
 2 SYSTEMPATH\View\View.php(234): include('C:\\laragon\\www\\ht2-benjaminestrada-202208847\\app\\Views\\municipios\\index.php')
 3 SYSTEMPATH\View\View.php(237): CodeIgniter\View\View->CodeIgniter\View\{closure}()
 4 SYSTEMPATH\Common.php(1169): CodeIgniter\View\View->render('municipios/index', [], true)
 5 APPPATH\Controllers\MunicipiosController.php(15): view('municipios/index', [...])
 6 SYSTEMPATH\CodeIgniter.php(933): App\Controllers\MunicipiosController->index()
 7 SYSTEMPATH\CodeIgniter.php(509): CodeIgniter\CodeIgniter->runController(Object(App\Controllers\MunicipiosController))
 8 SYSTEMPATH\CodeIgniter.php(355): CodeIgniter\CodeIgniter->handleRequest(null, Object(Config\Cache), false)
 9 SYSTEMPATH\Boot.php(325): CodeIgniter\CodeIgniter->run()
10 SYSTEMPATH\Boot.php(67): CodeIgniter\Boot::runCodeIgniter(Object(CodeIgniter\CodeIgniter))
11 FCPATH\index.php(56): CodeIgniter\Boot::bootWeb(Object(Config\Paths))
CRITICAL - 2024-11-07 19:10:43 --> ErrorException: Undefined property: App\Controllers\MunicipiosController::$municipioModel
[Method: GET, Route: municipios]
in APPPATH\Controllers\MunicipiosController.php on line 11.
 1 APPPATH\Controllers\MunicipiosController.php(11): CodeIgniter\Debug\Exceptions->errorHandler(2, 'Undefined property: App\\Controllers\\MunicipiosController::$municipioModel', 'C:\\laragon\\www\\ht2-benjaminestrada-202208847\\app\\Controllers\\MunicipiosController.php', 11)
 2 SYSTEMPATH\CodeIgniter.php(933): App\Controllers\MunicipiosController->index()
 3 SYSTEMPATH\CodeIgniter.php(509): CodeIgniter\CodeIgniter->runController(Object(App\Controllers\MunicipiosController))
 4 SYSTEMPATH\CodeIgniter.php(355): CodeIgniter\CodeIgniter->handleRequest(null, Object(Config\Cache), false)
 5 SYSTEMPATH\Boot.php(325): CodeIgniter\CodeIgniter->run()
 6 SYSTEMPATH\Boot.php(67): CodeIgniter\Boot::runCodeIgniter(Object(CodeIgniter\CodeIgniter))
 7 FCPATH\index.php(56): CodeIgniter\Boot::bootWeb(Object(Config\Paths))
CRITICAL - 2024-11-07 19:13:11 --> ErrorException: Undefined array key "nombre"
[Method: GET, Route: municipios]
in APPPATH\Views\municipios\index.php on line 24.
 1 APPPATH\Views\municipios\index.php(24): CodeIgniter\Debug\Exceptions->errorHandler(2, 'Undefined array key "nombre"', 'C:\\laragon\\www\\ht2-benjaminestrada-202208847\\app\\Views\\municipios\\index.php', 24)
 2 SYSTEMPATH\View\View.php(234): include('C:\\laragon\\www\\ht2-benjaminestrada-202208847\\app\\Views\\municipios\\index.php')
 3 SYSTEMPATH\View\View.php(237): CodeIgniter\View\View->CodeIgniter\View\{closure}()
 4 SYSTEMPATH\Common.php(1169): CodeIgniter\View\View->render('municipios/index', [], true)
 5 APPPATH\Controllers\MunicipiosController.php(22): view('municipios/index', [...])
 6 SYSTEMPATH\CodeIgniter.php(933): App\Controllers\MunicipiosController->index()
 7 SYSTEMPATH\CodeIgniter.php(509): CodeIgniter\CodeIgniter->runController(Object(App\Controllers\MunicipiosController))
 8 SYSTEMPATH\CodeIgniter.php(355): CodeIgniter\CodeIgniter->handleRequest(null, Object(Config\Cache), false)
 9 SYSTEMPATH\Boot.php(325): CodeIgniter\CodeIgniter->run()
10 SYSTEMPATH\Boot.php(67): CodeIgniter\Boot::runCodeIgniter(Object(CodeIgniter\CodeIgniter))
11 FCPATH\index.php(56): CodeIgniter\Boot::bootWeb(Object(Config\Paths))
CRITICAL - 2024-11-07 19:16:18 --> ErrorException: Undefined array key "nombre"
[Method: GET, Route: municipios]
in APPPATH\Views\municipios\index.php on line 24.
 1 APPPATH\Views\municipios\index.php(24): CodeIgniter\Debug\Exceptions->errorHandler(2, 'Undefined array key "nombre"', 'C:\\laragon\\www\\ht2-benjaminestrada-202208847\\app\\Views\\municipios\\index.php', 24)
 2 SYSTEMPATH\View\View.php(234): include('C:\\laragon\\www\\ht2-benjaminestrada-202208847\\app\\Views\\municipios\\index.php')
 3 SYSTEMPATH\View\View.php(237): CodeIgniter\View\View->CodeIgniter\View\{closure}()
 4 SYSTEMPATH\Common.php(1169): CodeIgniter\View\View->render('municipios/index', [], true)
 5 APPPATH\Controllers\MunicipiosController.php(22): view('municipios/index', [...])
 6 SYSTEMPATH\CodeIgniter.php(933): App\Controllers\MunicipiosController->index()
 7 SYSTEMPATH\CodeIgniter.php(509): CodeIgniter\CodeIgniter->runController(Object(App\Controllers\MunicipiosController))
 8 SYSTEMPATH\CodeIgniter.php(355): CodeIgniter\CodeIgniter->handleRequest(null, Object(Config\Cache), false)
 9 SYSTEMPATH\Boot.php(325): CodeIgniter\CodeIgniter->run()
10 SYSTEMPATH\Boot.php(67): CodeIgniter\Boot::runCodeIgniter(Object(CodeIgniter\CodeIgniter))
11 FCPATH\index.php(56): CodeIgniter\Boot::bootWeb(Object(Config\Paths))
CRITICAL - 2024-11-07 19:17:22 --> ErrorException: Undefined array key "code_depto"
[Method: GET, Route: municipios]
in APPPATH\Views\municipios\index.php on line 25.
 1 APPPATH\Views\municipios\index.php(25): CodeIgniter\Debug\Exceptions->errorHandler(2, 'Undefined array key "code_depto"', 'C:\\laragon\\www\\ht2-benjaminestrada-202208847\\app\\Views\\municipios\\index.php', 25)
 2 SYSTEMPATH\View\View.php(234): include('C:\\laragon\\www\\ht2-benjaminestrada-202208847\\app\\Views\\municipios\\index.php')
 3 SYSTEMPATH\View\View.php(237): CodeIgniter\View\View->CodeIgniter\View\{closure}()
 4 SYSTEMPATH\Common.php(1169): CodeIgniter\View\View->render('municipios/index', [], true)
 5 APPPATH\Controllers\MunicipiosController.php(22): view('municipios/index', [...])
 6 SYSTEMPATH\CodeIgniter.php(933): App\Controllers\MunicipiosController->index()
 7 SYSTEMPATH\CodeIgniter.php(509): CodeIgniter\CodeIgniter->runController(Object(App\Controllers\MunicipiosController))
 8 SYSTEMPATH\CodeIgniter.php(355): CodeIgniter\CodeIgniter->handleRequest(null, Object(Config\Cache), false)
 9 SYSTEMPATH\Boot.php(325): CodeIgniter\CodeIgniter->run()
10 SYSTEMPATH\Boot.php(67): CodeIgniter\Boot::runCodeIgniter(Object(CodeIgniter\CodeIgniter))
11 FCPATH\index.php(56): CodeIgniter\Boot::bootWeb(Object(Config\Paths))
CRITICAL - 2024-11-07 19:17:51 --> ErrorException: Undefined array key "municipio_id"
[Method: GET, Route: municipios]
in APPPATH\Views\municipios\index.php on line 27.
 1 APPPATH\Views\municipios\index.php(27): CodeIgniter\Debug\Exceptions->errorHandler(2, 'Undefined array key "municipio_id"', 'C:\\laragon\\www\\ht2-benjaminestrada-202208847\\app\\Views\\municipios\\index.php', 27)
 2 SYSTEMPATH\View\View.php(234): include('C:\\laragon\\www\\ht2-benjaminestrada-202208847\\app\\Views\\municipios\\index.php')
 3 SYSTEMPATH\View\View.php(237): CodeIgniter\View\View->CodeIgniter\View\{closure}()
 4 SYSTEMPATH\Common.php(1169): CodeIgniter\View\View->render('municipios/index', [], true)
 5 APPPATH\Controllers\MunicipiosController.php(22): view('municipios/index', [...])
 6 SYSTEMPATH\CodeIgniter.php(933): App\Controllers\MunicipiosController->index()
 7 SYSTEMPATH\CodeIgniter.php(509): CodeIgniter\CodeIgniter->runController(Object(App\Controllers\MunicipiosController))
 8 SYSTEMPATH\CodeIgniter.php(355): CodeIgniter\CodeIgniter->handleRequest(null, Object(Config\Cache), false)
 9 SYSTEMPATH\Boot.php(325): CodeIgniter\CodeIgniter->run()
10 SYSTEMPATH\Boot.php(67): CodeIgniter\Boot::runCodeIgniter(Object(CodeIgniter\CodeIgniter))
11 FCPATH\index.php(56): CodeIgniter\Boot::bootWeb(Object(Config\Paths))
CRITICAL - 2024-11-07 19:19:34 --> ErrorException: Undefined array key "municipio_id"
[Method: GET, Route: municipios]
in APPPATH\Views\municipios\index.php on line 27.
 1 APPPATH\Views\municipios\index.php(27): CodeIgniter\Debug\Exceptions->errorHandler(2, 'Undefined array key "municipio_id"', 'C:\\laragon\\www\\ht2-benjaminestrada-202208847\\app\\Views\\municipios\\index.php', 27)
 2 SYSTEMPATH\View\View.php(234): include('C:\\laragon\\www\\ht2-benjaminestrada-202208847\\app\\Views\\municipios\\index.php')
 3 SYSTEMPATH\View\View.php(237): CodeIgniter\View\View->CodeIgniter\View\{closure}()
 4 SYSTEMPATH\Common.php(1169): CodeIgniter\View\View->render('municipios/index', [], true)
 5 APPPATH\Controllers\MunicipiosController.php(22): view('municipios/index', [...])
 6 SYSTEMPATH\CodeIgniter.php(933): App\Controllers\MunicipiosController->index()
 7 SYSTEMPATH\CodeIgniter.php(509): CodeIgniter\CodeIgniter->runController(Object(App\Controllers\MunicipiosController))
 8 SYSTEMPATH\CodeIgniter.php(355): CodeIgniter\CodeIgniter->handleRequest(null, Object(Config\Cache), false)
 9 SYSTEMPATH\Boot.php(325): CodeIgniter\CodeIgniter->run()
10 SYSTEMPATH\Boot.php(67): CodeIgniter\Boot::runCodeIgniter(Object(CodeIgniter\CodeIgniter))
11 FCPATH\index.php(56): CodeIgniter\Boot::bootWeb(Object(Config\Paths))
CRITICAL - 2024-11-07 19:20:17 --> ErrorException: Undefined array key "code_muni"
[Method: GET, Route: municipios]
in APPPATH\Views\municipios\index.php on line 28.
 1 APPPATH\Views\municipios\index.php(28): CodeIgniter\Debug\Exceptions->errorHandler(2, 'Undefined array key "code_muni"', 'C:\\laragon\\www\\ht2-benjaminestrada-202208847\\app\\Views\\municipios\\index.php', 28)
 2 SYSTEMPATH\View\View.php(234): include('C:\\laragon\\www\\ht2-benjaminestrada-202208847\\app\\Views\\municipios\\index.php')
 3 SYSTEMPATH\View\View.php(237): CodeIgniter\View\View->CodeIgniter\View\{closure}()
 4 SYSTEMPATH\Common.php(1169): CodeIgniter\View\View->render('municipios/index', [], true)
 5 APPPATH\Controllers\MunicipiosController.php(22): view('municipios/index', [...])
 6 SYSTEMPATH\CodeIgniter.php(933): App\Controllers\MunicipiosController->index()
 7 SYSTEMPATH\CodeIgniter.php(509): CodeIgniter\CodeIgniter->runController(Object(App\Controllers\MunicipiosController))
 8 SYSTEMPATH\CodeIgniter.php(355): CodeIgniter\CodeIgniter->handleRequest(null, Object(Config\Cache), false)
 9 SYSTEMPATH\Boot.php(325): CodeIgniter\CodeIgniter->run()
10 SYSTEMPATH\Boot.php(67): CodeIgniter\Boot::runCodeIgniter(Object(CodeIgniter\CodeIgniter))
11 FCPATH\index.php(56): CodeIgniter\Boot::bootWeb(Object(Config\Paths))
CRITICAL - 2024-11-07 19:25:18 --> ParseError: syntax error, unexpected token "public", expecting end of file
[Method: GET, Route: municipios/editar/101]
in APPPATH\Controllers\MunicipiosController.php on line 32.
 1 SYSTEMPATH\Autoloader\Autoloader.php(296): CodeIgniter\Autoloader\Autoloader->includeFile('C:\\laragon\\www\\ht2-benjaminestrada-202208847\\app\\Controllers\\MunicipiosController.php')
 2 SYSTEMPATH\Autoloader\Autoloader.php(272): CodeIgniter\Autoloader\Autoloader->loadInNamespace('App\\Controllers\\MunicipiosController')
 3 [internal function]: CodeIgniter\Autoloader\Autoloader->loadClass('App\\Controllers\\MunicipiosController')
 4 SYSTEMPATH\CodeIgniter.php(887): class_exists('\\App\\Controllers\\MunicipiosController', true)
 5 SYSTEMPATH\CodeIgniter.php(496): CodeIgniter\CodeIgniter->startController()
 6 SYSTEMPATH\CodeIgniter.php(355): CodeIgniter\CodeIgniter->handleRequest(null, Object(Config\Cache), false)
 7 SYSTEMPATH\Boot.php(325): CodeIgniter\CodeIgniter->run()
 8 SYSTEMPATH\Boot.php(67): CodeIgniter\Boot::runCodeIgniter(Object(CodeIgniter\CodeIgniter))
 9 FCPATH\index.php(56): CodeIgniter\Boot::bootWeb(Object(Config\Paths))
CRITICAL - 2024-11-07 19:27:59 --> ParseError: syntax error, unexpected token "public", expecting end of file
[Method: GET, Route: municipios/editar/101]
in APPPATH\Controllers\MunicipiosController.php on line 32.
 1 SYSTEMPATH\Autoloader\Autoloader.php(296): CodeIgniter\Autoloader\Autoloader->includeFile('C:\\laragon\\www\\ht2-benjaminestrada-202208847\\app\\Controllers\\MunicipiosController.php')
 2 SYSTEMPATH\Autoloader\Autoloader.php(272): CodeIgniter\Autoloader\Autoloader->loadInNamespace('App\\Controllers\\MunicipiosController')
 3 [internal function]: CodeIgniter\Autoloader\Autoloader->loadClass('App\\Controllers\\MunicipiosController')
 4 SYSTEMPATH\CodeIgniter.php(887): class_exists('\\App\\Controllers\\MunicipiosController', true)
 5 SYSTEMPATH\CodeIgniter.php(496): CodeIgniter\CodeIgniter->startController()
 6 SYSTEMPATH\CodeIgniter.php(355): CodeIgniter\CodeIgniter->handleRequest(null, Object(Config\Cache), false)
 7 SYSTEMPATH\Boot.php(325): CodeIgniter\CodeIgniter->run()
 8 SYSTEMPATH\Boot.php(67): CodeIgniter\Boot::runCodeIgniter(Object(CodeIgniter\CodeIgniter))
 9 FCPATH\index.php(56): CodeIgniter\Boot::bootWeb(Object(Config\Paths))
CRITICAL - 2024-11-07 19:30:56 --> Error: Class "App\Models\MunicipioModel" not found
[Method: GET, Route: municipios/editar/101]
in APPPATH\Controllers\MunicipiosController.php on line 13.
 1 SYSTEMPATH\CodeIgniter.php(903): App\Controllers\MunicipiosController->__construct()
 2 SYSTEMPATH\CodeIgniter.php(500): CodeIgniter\CodeIgniter->createController()
 3 SYSTEMPATH\CodeIgniter.php(355): CodeIgniter\CodeIgniter->handleRequest(null, Object(Config\Cache), false)
 4 SYSTEMPATH\Boot.php(325): CodeIgniter\CodeIgniter->run()
 5 SYSTEMPATH\Boot.php(67): CodeIgniter\Boot::runCodeIgniter(Object(CodeIgniter\CodeIgniter))
 6 FCPATH\index.php(56): CodeIgniter\Boot::bootWeb(Object(Config\Paths))
CRITICAL - 2024-11-07 19:31:39 --> Error: Class "App\Controllers\MunicipiosModel" not found
[Method: GET, Route: municipios/editar/101]
in APPPATH\Controllers\MunicipiosController.php on line 13.
 1 SYSTEMPATH\CodeIgniter.php(903): App\Controllers\MunicipiosController->__construct()
 2 SYSTEMPATH\CodeIgniter.php(500): CodeIgniter\CodeIgniter->createController()
 3 SYSTEMPATH\CodeIgniter.php(355): CodeIgniter\CodeIgniter->handleRequest(null, Object(Config\Cache), false)
 4 SYSTEMPATH\Boot.php(325): CodeIgniter\CodeIgniter->run()
 5 SYSTEMPATH\Boot.php(67): CodeIgniter\Boot::runCodeIgniter(Object(CodeIgniter\CodeIgniter))
 6 FCPATH\index.php(56): CodeIgniter\Boot::bootWeb(Object(Config\Paths))
CRITICAL - 2024-11-07 20:58:16 --> CodeIgniter\View\Exceptions\ViewException: Invalid file: "departamentos/editar.php"
[Method: GET, Route: departamentos/editar/1]
in SYSTEMPATH\Exceptions\FrameworkException.php on line 41.
 1 SYSTEMPATH\View\View.php(222): CodeIgniter\Exceptions\FrameworkException::forInvalidFile('departamentos/editar.php')
 2 SYSTEMPATH\Common.php(1169): CodeIgniter\View\View->render('departamentos/editar', [], true)
 3 APPPATH\Controllers\DepartamentosController.php(45): view('departamentos/editar', [...])
 4 SYSTEMPATH\CodeIgniter.php(933): App\Controllers\DepartamentosController->editar('1')
 5 SYSTEMPATH\CodeIgniter.php(509): CodeIgniter\CodeIgniter->runController(Object(App\Controllers\DepartamentosController))
 6 SYSTEMPATH\CodeIgniter.php(355): CodeIgniter\CodeIgniter->handleRequest(null, Object(Config\Cache), false)
 7 SYSTEMPATH\Boot.php(325): CodeIgniter\CodeIgniter->run()
 8 SYSTEMPATH\Boot.php(67): CodeIgniter\Boot::runCodeIgniter(Object(CodeIgniter\CodeIgniter))
 9 FCPATH\index.php(56): CodeIgniter\Boot::bootWeb(Object(Config\Paths))
CRITICAL - 2024-11-07 20:58:49 --> CodeIgniter\View\Exceptions\ViewException: Invalid file: "departamentos/editar.php"
[Method: GET, Route: departamentos/editar/0]
in SYSTEMPATH\Exceptions\FrameworkException.php on line 41.
 1 SYSTEMPATH\View\View.php(222): CodeIgniter\Exceptions\FrameworkException::forInvalidFile('departamentos/editar.php')
 2 SYSTEMPATH\Common.php(1169): CodeIgniter\View\View->render('departamentos/editar', [], true)
 3 APPPATH\Controllers\DepartamentosController.php(45): view('departamentos/editar', [...])
 4 SYSTEMPATH\CodeIgniter.php(933): App\Controllers\DepartamentosController->editar('0')
 5 SYSTEMPATH\CodeIgniter.php(509): CodeIgniter\CodeIgniter->runController(Object(App\Controllers\DepartamentosController))
 6 SYSTEMPATH\CodeIgniter.php(355): CodeIgniter\CodeIgniter->handleRequest(null, Object(Config\Cache), false)
 7 SYSTEMPATH\Boot.php(325): CodeIgniter\CodeIgniter->run()
 8 SYSTEMPATH\Boot.php(67): CodeIgniter\Boot::runCodeIgniter(Object(CodeIgniter\CodeIgniter))
 9 FCPATH\index.php(56): CodeIgniter\Boot::bootWeb(Object(Config\Paths))
CRITICAL - 2024-11-07 20:58:59 --> CodeIgniter\Database\Exceptions\DatabaseException: Deletes are not allowed unless they contain a "where" or "like" clause.
[Method: GET, Route: departamentos/eliminar/0]
in SYSTEMPATH\Database\BaseBuilder.php on line 2814.
 1 SYSTEMPATH\Model.php(521): CodeIgniter\Database\BaseBuilder->delete()
 2 SYSTEMPATH\BaseModel.php(1158): CodeIgniter\Model->doDelete('0', false)
 3 APPPATH\Controllers\DepartamentosController.php(64): CodeIgniter\BaseModel->delete('0')
 4 SYSTEMPATH\CodeIgniter.php(933): App\Controllers\DepartamentosController->eliminar('0')
 5 SYSTEMPATH\CodeIgniter.php(509): CodeIgniter\CodeIgniter->runController(Object(App\Controllers\DepartamentosController))
 6 SYSTEMPATH\CodeIgniter.php(355): CodeIgniter\CodeIgniter->handleRequest(null, Object(Config\Cache), false)
 7 SYSTEMPATH\Boot.php(325): CodeIgniter\CodeIgniter->run()
 8 SYSTEMPATH\Boot.php(67): CodeIgniter\Boot::runCodeIgniter(Object(CodeIgniter\CodeIgniter))
 9 FCPATH\index.php(56): CodeIgniter\Boot::bootWeb(Object(Config\Paths))
CRITICAL - 2024-11-07 21:04:08 --> ErrorException: Declaration of App\Models\DepartamentosModel::delete($id) must be compatible with CodeIgniter\BaseModel::delete($id = null, bool $purge = false)
[Method: GET, Route: departamentos]
in APPPATH\Models\DepartamentosModel.php on line 24.
 1 [internal function]: CodeIgniter\Debug\Exceptions->shutdownHandler()
CRITICAL - 2024-11-07 21:10:55 --> ParseError: syntax error, unexpected token "return", expecting "function" or "const"
[Method: GET, Route: departamentos]
in APPPATH\Models\DepartamentosModel.php on line 29.
 1 SYSTEMPATH\Autoloader\Autoloader.php(296): CodeIgniter\Autoloader\Autoloader->includeFile('C:\\laragon\\www\\ht2-benjaminestrada-202208847\\app\\Models\\DepartamentosModel.php')
 2 SYSTEMPATH\Autoloader\Autoloader.php(272): CodeIgniter\Autoloader\Autoloader->loadInNamespace('App\\Models\\DepartamentosModel')
 3 APPPATH\Controllers\DepartamentosController.php(13): CodeIgniter\Autoloader\Autoloader->loadClass('App\\Models\\DepartamentosModel')
 4 SYSTEMPATH\CodeIgniter.php(903): App\Controllers\DepartamentosController->__construct()
 5 SYSTEMPATH\CodeIgniter.php(500): CodeIgniter\CodeIgniter->createController()
 6 SYSTEMPATH\CodeIgniter.php(355): CodeIgniter\CodeIgniter->handleRequest(null, Object(Config\Cache), false)
 7 SYSTEMPATH\Boot.php(325): CodeIgniter\CodeIgniter->run()
 8 SYSTEMPATH\Boot.php(67): CodeIgniter\Boot::runCodeIgniter(Object(CodeIgniter\CodeIgniter))
 9 FCPATH\index.php(56): CodeIgniter\Boot::bootWeb(Object(Config\Paths))
CRITICAL - 2024-11-07 21:22:39 --> ErrorException: Declaration of App\Models\DepartamentosModel::delete($id = null) must be compatible with CodeIgniter\BaseModel::delete($id = null, bool $purge = false)
[Method: GET, Route: departamentos/crear]
in APPPATH\Models\DepartamentosModel.php on line 24.
 1 [internal function]: CodeIgniter\Debug\Exceptions->shutdownHandler()
CRITICAL - 2024-11-07 21:22:51 --> ErrorException: Declaration of App\Models\DepartamentosModel::delete($id = null) must be compatible with CodeIgniter\BaseModel::delete($id = null, bool $purge = false)
[Method: GET, Route: departamentos]
in APPPATH\Models\DepartamentosModel.php on line 24.
 1 [internal function]: CodeIgniter\Debug\Exceptions->shutdownHandler()
CRITICAL - 2024-11-07 21:23:31 --> ErrorException: Declaration of App\Models\DepartamentosModel::delete($id = null) must be compatible with CodeIgniter\BaseModel::delete($id = null, bool $purge = false)
[Method: GET, Route: departamentos]
in APPPATH\Models\DepartamentosModel.php on line 24.
 1 [internal function]: CodeIgniter\Debug\Exceptions->shutdownHandler()
CRITICAL - 2024-11-07 21:26:11 --> ParseError: syntax error, unexpected token "public", expecting ";" or "{"
[Method: GET, Route: departamentos]
in APPPATH\Controllers\DepartamentosController.php on line 63.
 1 SYSTEMPATH\Autoloader\Autoloader.php(296): CodeIgniter\Autoloader\Autoloader->includeFile('C:\\laragon\\www\\ht2-benjaminestrada-202208847\\app\\Controllers\\DepartamentosController.php')
 2 SYSTEMPATH\Autoloader\Autoloader.php(272): CodeIgniter\Autoloader\Autoloader->loadInNamespace('App\\Controllers\\DepartamentosController')
 3 [internal function]: CodeIgniter\Autoloader\Autoloader->loadClass('App\\Controllers\\DepartamentosController')
 4 SYSTEMPATH\CodeIgniter.php(887): class_exists('\\App\\Controllers\\DepartamentosController', true)
 5 SYSTEMPATH\CodeIgniter.php(496): CodeIgniter\CodeIgniter->startController()
 6 SYSTEMPATH\CodeIgniter.php(355): CodeIgniter\CodeIgniter->handleRequest(null, Object(Config\Cache), false)
 7 SYSTEMPATH\Boot.php(325): CodeIgniter\CodeIgniter->run()
 8 SYSTEMPATH\Boot.php(67): CodeIgniter\Boot::runCodeIgniter(Object(CodeIgniter\CodeIgniter))
 9 FCPATH\index.php(56): CodeIgniter\Boot::bootWeb(Object(Config\Paths))
CRITICAL - 2024-11-07 21:26:20 --> ParseError: syntax error, unexpected token "public", expecting ";" or "{"
[Method: GET, Route: departamentos/crear]
in APPPATH\Controllers\DepartamentosController.php on line 63.
 1 SYSTEMPATH\Autoloader\Autoloader.php(296): CodeIgniter\Autoloader\Autoloader->includeFile('C:\\laragon\\www\\ht2-benjaminestrada-202208847\\app\\Controllers\\DepartamentosController.php')
 2 SYSTEMPATH\Autoloader\Autoloader.php(272): CodeIgniter\Autoloader\Autoloader->loadInNamespace('App\\Controllers\\DepartamentosController')
 3 [internal function]: CodeIgniter\Autoloader\Autoloader->loadClass('App\\Controllers\\DepartamentosController')
 4 SYSTEMPATH\CodeIgniter.php(887): class_exists('\\App\\Controllers\\DepartamentosController', true)
 5 SYSTEMPATH\CodeIgniter.php(496): CodeIgniter\CodeIgniter->startController()
 6 SYSTEMPATH\CodeIgniter.php(355): CodeIgniter\CodeIgniter->handleRequest(null, Object(Config\Cache), false)
 7 SYSTEMPATH\Boot.php(325): CodeIgniter\CodeIgniter->run()
 8 SYSTEMPATH\Boot.php(67): CodeIgniter\Boot::runCodeIgniter(Object(CodeIgniter\CodeIgniter))
 9 FCPATH\index.php(56): CodeIgniter\Boot::bootWeb(Object(Config\Paths))
CRITICAL - 2024-11-07 21:26:20 --> ParseError: syntax error, unexpected token "public", expecting ";" or "{"
[Method: GET, Route: departamentos]
in APPPATH\Controllers\DepartamentosController.php on line 63.
 1 SYSTEMPATH\Autoloader\Autoloader.php(296): CodeIgniter\Autoloader\Autoloader->includeFile('C:\\laragon\\www\\ht2-benjaminestrada-202208847\\app\\Controllers\\DepartamentosController.php')
 2 SYSTEMPATH\Autoloader\Autoloader.php(272): CodeIgniter\Autoloader\Autoloader->loadInNamespace('App\\Controllers\\DepartamentosController')
 3 [internal function]: CodeIgniter\Autoloader\Autoloader->loadClass('App\\Controllers\\DepartamentosController')
 4 SYSTEMPATH\CodeIgniter.php(887): class_exists('\\App\\Controllers\\DepartamentosController', true)
 5 SYSTEMPATH\CodeIgniter.php(496): CodeIgniter\CodeIgniter->startController()
 6 SYSTEMPATH\CodeIgniter.php(355): CodeIgniter\CodeIgniter->handleRequest(null, Object(Config\Cache), false)
 7 SYSTEMPATH\Boot.php(325): CodeIgniter\CodeIgniter->run()
 8 SYSTEMPATH\Boot.php(67): CodeIgniter\Boot::runCodeIgniter(Object(CodeIgniter\CodeIgniter))
 9 FCPATH\index.php(56): CodeIgniter\Boot::bootWeb(Object(Config\Paths))
CRITICAL - 2024-11-07 21:26:24 --> ParseError: syntax error, unexpected token "public", expecting ";" or "{"
[Method: GET, Route: departamentos]
in APPPATH\Controllers\DepartamentosController.php on line 63.
 1 SYSTEMPATH\Autoloader\Autoloader.php(296): CodeIgniter\Autoloader\Autoloader->includeFile('C:\\laragon\\www\\ht2-benjaminestrada-202208847\\app\\Controllers\\DepartamentosController.php')
 2 SYSTEMPATH\Autoloader\Autoloader.php(272): CodeIgniter\Autoloader\Autoloader->loadInNamespace('App\\Controllers\\DepartamentosController')
 3 [internal function]: CodeIgniter\Autoloader\Autoloader->loadClass('App\\Controllers\\DepartamentosController')
 4 SYSTEMPATH\CodeIgniter.php(887): class_exists('\\App\\Controllers\\DepartamentosController', true)
 5 SYSTEMPATH\CodeIgniter.php(496): CodeIgniter\CodeIgniter->startController()
 6 SYSTEMPATH\CodeIgniter.php(355): CodeIgniter\CodeIgniter->handleRequest(null, Object(Config\Cache), false)
 7 SYSTEMPATH\Boot.php(325): CodeIgniter\CodeIgniter->run()
 8 SYSTEMPATH\Boot.php(67): CodeIgniter\Boot::runCodeIgniter(Object(CodeIgniter\CodeIgniter))
 9 FCPATH\index.php(56): CodeIgniter\Boot::bootWeb(Object(Config\Paths))
ERROR - 2024-11-07 21:28:35 --> mysqli_sql_exception: Duplicate entry '0' for key 'departamentos.PRIMARY' in C:\laragon\www\ht2-benjaminestrada-202208847\system\Database\MySQLi\Connection.php:312
Stack trace:
#0 C:\laragon\www\ht2-benjaminestrada-202208847\system\Database\MySQLi\Connection.php(312): mysqli->query('INSERT INTO `de...', 0)
#1 C:\laragon\www\ht2-benjaminestrada-202208847\system\Database\BaseConnection.php(734): CodeIgniter\Database\MySQLi\Connection->execute('INSERT INTO `de...')
#2 C:\laragon\www\ht2-benjaminestrada-202208847\system\Database\BaseConnection.php(648): CodeIgniter\Database\BaseConnection->simpleQuery('INSERT INTO `de...')
#3 C:\laragon\www\ht2-benjaminestrada-202208847\system\Database\BaseBuilder.php(2340): CodeIgniter\Database\BaseConnection->query('INSERT INTO `de...', Array, false)
#4 C:\laragon\www\ht2-benjaminestrada-202208847\system\Model.php(394): CodeIgniter\Database\BaseBuilder->insert()
#5 C:\laragon\www\ht2-benjaminestrada-202208847\system\BaseModel.php(840): CodeIgniter\Model->doInsert(Array)
#6 C:\laragon\www\ht2-benjaminestrada-202208847\system\Model.php(802): CodeIgniter\BaseModel->insert(Array, false)
#7 C:\laragon\www\ht2-benjaminestrada-202208847\system\BaseModel.php(751): CodeIgniter\Model->insert(Array, false)
#8 C:\laragon\www\ht2-benjaminestrada-202208847\app\Controllers\DepartamentosController.php(37): CodeIgniter\BaseModel->save(Array)
#9 C:\laragon\www\ht2-benjaminestrada-202208847\system\CodeIgniter.php(933): App\Controllers\DepartamentosController->guardar()
#10 C:\laragon\www\ht2-benjaminestrada-202208847\system\CodeIgniter.php(509): CodeIgniter\CodeIgniter->runController(Object(App\Controllers\DepartamentosController))
#11 C:\laragon\www\ht2-benjaminestrada-202208847\system\CodeIgniter.php(355): CodeIgniter\CodeIgniter->handleRequest(NULL, Object(Config\Cache), false)
#12 C:\laragon\www\ht2-benjaminestrada-202208847\system\Boot.php(325): CodeIgniter\CodeIgniter->run()
#13 C:\laragon\www\ht2-benjaminestrada-202208847\system\Boot.php(67): CodeIgniter\Boot::runCodeIgniter(Object(CodeIgniter\CodeIgniter))
#14 C:\laragon\www\ht2-benjaminestrada-202208847\public\index.php(56): CodeIgniter\Boot::bootWeb(Object(Config\Paths))
#15 {main}
CRITICAL - 2024-11-07 21:28:35 --> CodeIgniter\Database\Exceptions\DatabaseException: Duplicate entry '0' for key 'departamentos.PRIMARY'
[Method: POST, Route: departamentos/guardar]
in SYSTEMPATH\Database\BaseConnection.php on line 688.
 1 SYSTEMPATH\Database\BaseBuilder.php(2340): CodeIgniter\Database\BaseConnection->query('INSERT INTO `departamentos` (`nombre_depto`, `cod_region`) VALUES (:nombre_depto:, :cod_region:)', [...], false)
 2 SYSTEMPATH\Model.php(394): CodeIgniter\Database\BaseBuilder->insert()
 3 SYSTEMPATH\BaseModel.php(840): CodeIgniter\Model->doInsert([...])
 4 SYSTEMPATH\Model.php(802): CodeIgniter\BaseModel->insert([...], false)
 5 SYSTEMPATH\BaseModel.php(751): CodeIgniter\Model->insert([...], false)
 6 APPPATH\Controllers\DepartamentosController.php(37): CodeIgniter\BaseModel->save([...])
 7 SYSTEMPATH\CodeIgniter.php(933): App\Controllers\DepartamentosController->guardar()
 8 SYSTEMPATH\CodeIgniter.php(509): CodeIgniter\CodeIgniter->runController(Object(App\Controllers\DepartamentosController))
 9 SYSTEMPATH\CodeIgniter.php(355): CodeIgniter\CodeIgniter->handleRequest(null, Object(Config\Cache), false)
10 SYSTEMPATH\Boot.php(325): CodeIgniter\CodeIgniter->run()
11 SYSTEMPATH\Boot.php(67): CodeIgniter\Boot::runCodeIgniter(Object(CodeIgniter\CodeIgniter))
12 FCPATH\index.php(56): CodeIgniter\Boot::bootWeb(Object(Config\Paths))
CRITICAL - 2024-11-07 21:28:35 --> [Caused by] CodeIgniter\Database\Exceptions\DatabaseException: Duplicate entry '0' for key 'departamentos.PRIMARY'
in SYSTEMPATH\Database\MySQLi\Connection.php on line 317.
 1 SYSTEMPATH\Database\BaseConnection.php(734): CodeIgniter\Database\MySQLi\Connection->execute('INSERT INTO `departamentos` (`nombre_depto`, `cod_region`) VALUES (\'sol\', \'1\')')
 2 SYSTEMPATH\Database\BaseConnection.php(648): CodeIgniter\Database\BaseConnection->simpleQuery('INSERT INTO `departamentos` (`nombre_depto`, `cod_region`) VALUES (\'sol\', \'1\')')
 3 SYSTEMPATH\Database\BaseBuilder.php(2340): CodeIgniter\Database\BaseConnection->query('INSERT INTO `departamentos` (`nombre_depto`, `cod_region`) VALUES (:nombre_depto:, :cod_region:)', [...], false)
 4 SYSTEMPATH\Model.php(394): CodeIgniter\Database\BaseBuilder->insert()
 5 SYSTEMPATH\BaseModel.php(840): CodeIgniter\Model->doInsert([...])
 6 SYSTEMPATH\Model.php(802): CodeIgniter\BaseModel->insert([...], false)
 7 SYSTEMPATH\BaseModel.php(751): CodeIgniter\Model->insert([...], false)
 8 APPPATH\Controllers\DepartamentosController.php(37): CodeIgniter\BaseModel->save([...])
 9 SYSTEMPATH\CodeIgniter.php(933): App\Controllers\DepartamentosController->guardar()
10 SYSTEMPATH\CodeIgniter.php(509): CodeIgniter\CodeIgniter->runController(Object(App\Controllers\DepartamentosController))
11 SYSTEMPATH\CodeIgniter.php(355): CodeIgniter\CodeIgniter->handleRequest(null, Object(Config\Cache), false)
12 SYSTEMPATH\Boot.php(325): CodeIgniter\CodeIgniter->run()
13 SYSTEMPATH\Boot.php(67): CodeIgniter\Boot::runCodeIgniter(Object(CodeIgniter\CodeIgniter))
14 FCPATH\index.php(56): CodeIgniter\Boot::bootWeb(Object(Config\Paths))
CRITICAL - 2024-11-07 21:28:35 --> [Caused by] mysqli_sql_exception: Duplicate entry '0' for key 'departamentos.PRIMARY'
in SYSTEMPATH\Database\MySQLi\Connection.php on line 312.
 1 SYSTEMPATH\Database\MySQLi\Connection.php(312): mysqli->query('INSERT INTO `departamentos` (`nombre_depto`, `cod_region`) VALUES (\'sol\', \'1\')', 0)
 2 SYSTEMPATH\Database\BaseConnection.php(734): CodeIgniter\Database\MySQLi\Connection->execute('INSERT INTO `departamentos` (`nombre_depto`, `cod_region`) VALUES (\'sol\', \'1\')')
 3 SYSTEMPATH\Database\BaseConnection.php(648): CodeIgniter\Database\BaseConnection->simpleQuery('INSERT INTO `departamentos` (`nombre_depto`, `cod_region`) VALUES (\'sol\', \'1\')')
 4 SYSTEMPATH\Database\BaseBuilder.php(2340): CodeIgniter\Database\BaseConnection->query('INSERT INTO `departamentos` (`nombre_depto`, `cod_region`) VALUES (:nombre_depto:, :cod_region:)', [...], false)
 5 SYSTEMPATH\Model.php(394): CodeIgniter\Database\BaseBuilder->insert()
 6 SYSTEMPATH\BaseModel.php(840): CodeIgniter\Model->doInsert([...])
 7 SYSTEMPATH\Model.php(802): CodeIgniter\BaseModel->insert([...], false)
 8 SYSTEMPATH\BaseModel.php(751): CodeIgniter\Model->insert([...], false)
 9 APPPATH\Controllers\DepartamentosController.php(37): CodeIgniter\BaseModel->save([...])
10 SYSTEMPATH\CodeIgniter.php(933): App\Controllers\DepartamentosController->guardar()
11 SYSTEMPATH\CodeIgniter.php(509): CodeIgniter\CodeIgniter->runController(Object(App\Controllers\DepartamentosController))
12 SYSTEMPATH\CodeIgniter.php(355): CodeIgniter\CodeIgniter->handleRequest(null, Object(Config\Cache), false)
13 SYSTEMPATH\Boot.php(325): CodeIgniter\CodeIgniter->run()
14 SYSTEMPATH\Boot.php(67): CodeIgniter\Boot::runCodeIgniter(Object(CodeIgniter\CodeIgniter))
15 FCPATH\index.php(56): CodeIgniter\Boot::bootWeb(Object(Config\Paths))
ERROR - 2024-11-07 21:31:17 --> mysqli_sql_exception: Duplicate entry '0' for key 'departamentos.PRIMARY' in C:\laragon\www\ht2-benjaminestrada-202208847\system\Database\MySQLi\Connection.php:312
Stack trace:
#0 C:\laragon\www\ht2-benjaminestrada-202208847\system\Database\MySQLi\Connection.php(312): mysqli->query('INSERT INTO `de...', 0)
#1 C:\laragon\www\ht2-benjaminestrada-202208847\system\Database\BaseConnection.php(734): CodeIgniter\Database\MySQLi\Connection->execute('INSERT INTO `de...')
#2 C:\laragon\www\ht2-benjaminestrada-202208847\system\Database\BaseConnection.php(648): CodeIgniter\Database\BaseConnection->simpleQuery('INSERT INTO `de...')
#3 C:\laragon\www\ht2-benjaminestrada-202208847\system\Database\BaseBuilder.php(2340): CodeIgniter\Database\BaseConnection->query('INSERT INTO `de...', Array, false)
#4 C:\laragon\www\ht2-benjaminestrada-202208847\system\Model.php(394): CodeIgniter\Database\BaseBuilder->insert()
#5 C:\laragon\www\ht2-benjaminestrada-202208847\system\BaseModel.php(840): CodeIgniter\Model->doInsert(Array)
#6 C:\laragon\www\ht2-benjaminestrada-202208847\system\Model.php(802): CodeIgniter\BaseModel->insert(Array, false)
#7 C:\laragon\www\ht2-benjaminestrada-202208847\system\BaseModel.php(751): CodeIgniter\Model->insert(Array, false)
#8 C:\laragon\www\ht2-benjaminestrada-202208847\app\Controllers\DepartamentosController.php(38): CodeIgniter\BaseModel->save(Array)
#9 C:\laragon\www\ht2-benjaminestrada-202208847\system\CodeIgniter.php(933): App\Controllers\DepartamentosController->guardar()
#10 C:\laragon\www\ht2-benjaminestrada-202208847\system\CodeIgniter.php(509): CodeIgniter\CodeIgniter->runController(Object(App\Controllers\DepartamentosController))
#11 C:\laragon\www\ht2-benjaminestrada-202208847\system\CodeIgniter.php(355): CodeIgniter\CodeIgniter->handleRequest(NULL, Object(Config\Cache), false)
#12 C:\laragon\www\ht2-benjaminestrada-202208847\system\Boot.php(325): CodeIgniter\CodeIgniter->run()
#13 C:\laragon\www\ht2-benjaminestrada-202208847\system\Boot.php(67): CodeIgniter\Boot::runCodeIgniter(Object(CodeIgniter\CodeIgniter))
#14 C:\laragon\www\ht2-benjaminestrada-202208847\public\index.php(56): CodeIgniter\Boot::bootWeb(Object(Config\Paths))
#15 {main}
CRITICAL - 2024-11-07 21:31:17 --> CodeIgniter\Database\Exceptions\DatabaseException: Duplicate entry '0' for key 'departamentos.PRIMARY'
[Method: POST, Route: departamentos/guardar]
in SYSTEMPATH\Database\BaseConnection.php on line 688.
 1 SYSTEMPATH\Database\BaseBuilder.php(2340): CodeIgniter\Database\BaseConnection->query('INSERT INTO `departamentos` (`nombre_depto`, `cod_region`) VALUES (:nombre_depto:, :cod_region:)', [...], false)
 2 SYSTEMPATH\Model.php(394): CodeIgniter\Database\BaseBuilder->insert()
 3 SYSTEMPATH\BaseModel.php(840): CodeIgniter\Model->doInsert([...])
 4 SYSTEMPATH\Model.php(802): CodeIgniter\BaseModel->insert([...], false)
 5 SYSTEMPATH\BaseModel.php(751): CodeIgniter\Model->insert([...], false)
 6 APPPATH\Controllers\DepartamentosController.php(38): CodeIgniter\BaseModel->save([...])
 7 SYSTEMPATH\CodeIgniter.php(933): App\Controllers\DepartamentosController->guardar()
 8 SYSTEMPATH\CodeIgniter.php(509): CodeIgniter\CodeIgniter->runController(Object(App\Controllers\DepartamentosController))
 9 SYSTEMPATH\CodeIgniter.php(355): CodeIgniter\CodeIgniter->handleRequest(null, Object(Config\Cache), false)
10 SYSTEMPATH\Boot.php(325): CodeIgniter\CodeIgniter->run()
11 SYSTEMPATH\Boot.php(67): CodeIgniter\Boot::runCodeIgniter(Object(CodeIgniter\CodeIgniter))
12 FCPATH\index.php(56): CodeIgniter\Boot::bootWeb(Object(Config\Paths))
CRITICAL - 2024-11-07 21:31:17 --> [Caused by] CodeIgniter\Database\Exceptions\DatabaseException: Duplicate entry '0' for key 'departamentos.PRIMARY'
in SYSTEMPATH\Database\MySQLi\Connection.php on line 317.
 1 SYSTEMPATH\Database\BaseConnection.php(734): CodeIgniter\Database\MySQLi\Connection->execute('INSERT INTO `departamentos` (`nombre_depto`, `cod_region`) VALUES (\'sol\', \'1\')')
 2 SYSTEMPATH\Database\BaseConnection.php(648): CodeIgniter\Database\BaseConnection->simpleQuery('INSERT INTO `departamentos` (`nombre_depto`, `cod_region`) VALUES (\'sol\', \'1\')')
 3 SYSTEMPATH\Database\BaseBuilder.php(2340): CodeIgniter\Database\BaseConnection->query('INSERT INTO `departamentos` (`nombre_depto`, `cod_region`) VALUES (:nombre_depto:, :cod_region:)', [...], false)
 4 SYSTEMPATH\Model.php(394): CodeIgniter\Database\BaseBuilder->insert()
 5 SYSTEMPATH\BaseModel.php(840): CodeIgniter\Model->doInsert([...])
 6 SYSTEMPATH\Model.php(802): CodeIgniter\BaseModel->insert([...], false)
 7 SYSTEMPATH\BaseModel.php(751): CodeIgniter\Model->insert([...], false)
 8 APPPATH\Controllers\DepartamentosController.php(38): CodeIgniter\BaseModel->save([...])
 9 SYSTEMPATH\CodeIgniter.php(933): App\Controllers\DepartamentosController->guardar()
10 SYSTEMPATH\CodeIgniter.php(509): CodeIgniter\CodeIgniter->runController(Object(App\Controllers\DepartamentosController))
11 SYSTEMPATH\CodeIgniter.php(355): CodeIgniter\CodeIgniter->handleRequest(null, Object(Config\Cache), false)
12 SYSTEMPATH\Boot.php(325): CodeIgniter\CodeIgniter->run()
13 SYSTEMPATH\Boot.php(67): CodeIgniter\Boot::runCodeIgniter(Object(CodeIgniter\CodeIgniter))
14 FCPATH\index.php(56): CodeIgniter\Boot::bootWeb(Object(Config\Paths))
CRITICAL - 2024-11-07 21:31:17 --> [Caused by] mysqli_sql_exception: Duplicate entry '0' for key 'departamentos.PRIMARY'
in SYSTEMPATH\Database\MySQLi\Connection.php on line 312.
 1 SYSTEMPATH\Database\MySQLi\Connection.php(312): mysqli->query('INSERT INTO `departamentos` (`nombre_depto`, `cod_region`) VALUES (\'sol\', \'1\')', 0)
 2 SYSTEMPATH\Database\BaseConnection.php(734): CodeIgniter\Database\MySQLi\Connection->execute('INSERT INTO `departamentos` (`nombre_depto`, `cod_region`) VALUES (\'sol\', \'1\')')
 3 SYSTEMPATH\Database\BaseConnection.php(648): CodeIgniter\Database\BaseConnection->simpleQuery('INSERT INTO `departamentos` (`nombre_depto`, `cod_region`) VALUES (\'sol\', \'1\')')
 4 SYSTEMPATH\Database\BaseBuilder.php(2340): CodeIgniter\Database\BaseConnection->query('INSERT INTO `departamentos` (`nombre_depto`, `cod_region`) VALUES (:nombre_depto:, :cod_region:)', [...], false)
 5 SYSTEMPATH\Model.php(394): CodeIgniter\Database\BaseBuilder->insert()
 6 SYSTEMPATH\BaseModel.php(840): CodeIgniter\Model->doInsert([...])
 7 SYSTEMPATH\Model.php(802): CodeIgniter\BaseModel->insert([...], false)
 8 SYSTEMPATH\BaseModel.php(751): CodeIgniter\Model->insert([...], false)
 9 APPPATH\Controllers\DepartamentosController.php(38): CodeIgniter\BaseModel->save([...])
10 SYSTEMPATH\CodeIgniter.php(933): App\Controllers\DepartamentosController->guardar()
11 SYSTEMPATH\CodeIgniter.php(509): CodeIgniter\CodeIgniter->runController(Object(App\Controllers\DepartamentosController))
12 SYSTEMPATH\CodeIgniter.php(355): CodeIgniter\CodeIgniter->handleRequest(null, Object(Config\Cache), false)
13 SYSTEMPATH\Boot.php(325): CodeIgniter\CodeIgniter->run()
14 SYSTEMPATH\Boot.php(67): CodeIgniter\Boot::runCodeIgniter(Object(CodeIgniter\CodeIgniter))
15 FCPATH\index.php(56): CodeIgniter\Boot::bootWeb(Object(Config\Paths))
CRITICAL - 2024-11-07 21:40:14 --> CodeIgniter\View\Exceptions\ViewException: Invalid file: "departamentos/editar.php"
[Method: GET, Route: departamentos/editar/1]
in SYSTEMPATH\Exceptions\FrameworkException.php on line 41.
 1 SYSTEMPATH\View\View.php(222): CodeIgniter\Exceptions\FrameworkException::forInvalidFile('departamentos/editar.php')
 2 SYSTEMPATH\Common.php(1169): CodeIgniter\View\View->render('departamentos/editar', [], true)
 3 APPPATH\Controllers\DepartamentosController.php(46): view('departamentos/editar', [...])
 4 SYSTEMPATH\CodeIgniter.php(933): App\Controllers\DepartamentosController->editar('1')
 5 SYSTEMPATH\CodeIgniter.php(509): CodeIgniter\CodeIgniter->runController(Object(App\Controllers\DepartamentosController))
 6 SYSTEMPATH\CodeIgniter.php(355): CodeIgniter\CodeIgniter->handleRequest(null, Object(Config\Cache), false)
 7 SYSTEMPATH\Boot.php(325): CodeIgniter\CodeIgniter->run()
 8 SYSTEMPATH\Boot.php(67): CodeIgniter\Boot::runCodeIgniter(Object(CodeIgniter\CodeIgniter))
 9 FCPATH\index.php(56): CodeIgniter\Boot::bootWeb(Object(Config\Paths))
